{
"/Users/tarandeepdhupar/Documents/github/angular2-webpack-starter/src/app/about/about.component.ts":{"path":"/Users/tarandeepdhupar/Documents/github/angular2-webpack-starter/src/app/about/about.component.ts","s":{"1":1,"2":1,"3":1,"4":1,"5":1,"6":1,"7":1,"8":1,"9":1,"10":1,"11":1,"12":1,"13":1,"14":1,"15":0,"16":1},"b":{"1":[1,1,0],"2":[1,1]},"f":{"1":1,"2":1,"3":1,"4":1,"5":0},"fnMap":{"1":{"name":"(anonymous_1)","line":10,"loc":{"start":{"line":10,"column":13},"end":{"line":10,"column":25}}},"2":{"name":"About","line":11,"loc":{"start":{"line":11,"column":4},"end":{"line":11,"column":26}}},"3":{"name":"(anonymous_3)","line":14,"loc":{"start":{"line":14,"column":31},"end":{"line":14,"column":43}}},"4":{"name":"(anonymous_4)","line":18,"loc":{"start":{"line":18,"column":23},"end":{"line":18,"column":39}}},"5":{"name":"(anonymous_5)","line":29,"loc":{"start":{"line":29,"column":43},"end":{"line":29,"column":55}}}},"statementMap":{"1":{"start":{"line":2,"column":0},"end":{"line":2,"column":38}},"2":{"start":{"line":3,"column":0},"end":{"line":3,"column":42}},"3":{"start":{"line":9,"column":0},"end":{"line":9,"column":55}},"4":{"start":{"line":10,"column":0},"end":{"line":53,"column":5}},"5":{"start":{"line":11,"column":4},"end":{"line":13,"column":5}},"6":{"start":{"line":12,"column":8},"end":{"line":12,"column":27}},"7":{"start":{"line":14,"column":4},"end":{"line":28,"column":6}},"8":{"start":{"line":15,"column":8},"end":{"line":15,"column":25}},"9":{"start":{"line":16,"column":8},"end":{"line":21,"column":11}},"10":{"start":{"line":20,"column":12},"end":{"line":20,"column":45}},"11":{"start":{"line":22,"column":8},"end":{"line":22,"column":47}},"12":{"start":{"line":29,"column":4},"end":{"line":42,"column":6}},"13":{"start":{"line":43,"column":4},"end":{"line":50,"column":14}},"14":{"start":{"line":51,"column":4},"end":{"line":51,"column":17}},"15":{"start":{"line":52,"column":4},"end":{"line":52,"column":11}},"16":{"start":{"line":54,"column":0},"end":{"line":54,"column":22}}},"branchMap":{"1":{"line":49,"type":"binary-expr","locations":[{"start":{"line":49,"column":42},"end":{"line":49,"column":144}},{"start":{"line":49,"column":148},"end":{"line":49,"column":150}},{"start":{"line":49,"column":155},"end":{"line":49,"column":161}}]},"2":{"line":49,"type":"binary-expr","locations":[{"start":{"line":49,"column":55},"end":{"line":49,"column":101}},{"start":{"line":49,"column":105},"end":{"line":49,"column":128}}]}},"code":["\"use strict\";","var core_1 = require('@angular/core');","var router_1 = require('@angular/router');","/*"," * We're loading this component asynchronously"," * We are using some magic with es6-promise-loader that will wrap the module with a Promise"," * see https://github.com/gdi2290/es6-promise-loader for more info"," */","console.log('`About` component loaded asynchronously');","var About = (function () {","    function About(route) {","        this.route = route;","    }","    About.prototype.ngOnInit = function () {","        var _this = this;","        this.route","            .data","            .subscribe(function (data) {","            // your resolved data from route","            _this.localState = data.yourData;","        });","        console.log('hello `About` component');","        // static data that is bundled","        // var mockData = require('assets/mock-data/mock-data.json');","        // console.log('mockData', mockData);","        // if you're working with mock data you can also use http.get('assets/mock-data/mock-data.json')","        // this.asyncDataWithWebpack();","    };","    About.prototype.asyncDataWithWebpack = function () {","        // you can also async load mock data with 'es6-promise-loader'","        // you would do this if you don't want the mock-data bundled","        // remember that 'es6-promise-loader' is a promise","        // var asyncMockDataPromiseFactory = require('es6-promise!assets/mock-data/mock-data.json');","        // setTimeout(() => {","        //","        //   let asyncDataPromise = asyncMockDataPromiseFactory();","        //   asyncDataPromise.then(json => {","        //     console.log('async mockData', json);","        //   });","        //","        // });","    };","    About = __decorate([","        core_1.Component({","            selector: 'about',","            styles: [\"\\n  \"],","            template: \"\\n    <h1>About</h1>\\n    <div>\\n      For hot module reloading run\\n      <pre>npm run start:hmr</pre>\\n    </div>\\n    <div>\\n      <h3>\\n        patrick@AngularClass.com\\n      </h3>\\n    </div>\\n    <pre>this.localState = {{ localState | json }}</pre>\\n  \"","        }), ","        __metadata('design:paramtypes', [(typeof (_a = typeof router_1.ActivatedRoute !== 'undefined' && router_1.ActivatedRoute) === 'function' && _a) || Object])","    ], About);","    return About;","    var _a;","}());","exports.About = About;",""],"l":{"2":1,"3":1,"9":1,"10":1,"11":1,"12":1,"14":1,"15":1,"16":1,"20":1,"22":1,"29":1,"43":1,"51":1,"52":0,"54":1}},
"/Users/tarandeepdhupar/Documents/github/angular2-webpack-starter/src/app/app.component.ts":{"path":"/Users/tarandeepdhupar/Documents/github/angular2-webpack-starter/src/app/app.component.ts","s":{"1":1,"2":1,"3":1,"4":1,"5":1,"6":1,"7":1,"8":1,"9":1,"10":0,"11":1,"12":1,"13":0,"14":1},"b":{"1":[1,1,0],"2":[1,1]},"f":{"1":1,"2":1,"3":0},"fnMap":{"1":{"name":"(anonymous_1)","line":11,"loc":{"start":{"line":11,"column":11},"end":{"line":11,"column":23}}},"2":{"name":"App","line":12,"loc":{"start":{"line":12,"column":4},"end":{"line":12,"column":27}}},"3":{"name":"(anonymous_3)","line":18,"loc":{"start":{"line":18,"column":29},"end":{"line":18,"column":41}}}},"statementMap":{"1":{"start":{"line":5,"column":0},"end":{"line":5,"column":38}},"2":{"start":{"line":6,"column":0},"end":{"line":6,"column":45}},"3":{"start":{"line":11,"column":0},"end":{"line":34,"column":5}},"4":{"start":{"line":12,"column":4},"end":{"line":17,"column":5}},"5":{"start":{"line":13,"column":8},"end":{"line":13,"column":33}},"6":{"start":{"line":14,"column":8},"end":{"line":14,"column":69}},"7":{"start":{"line":15,"column":8},"end":{"line":15,"column":48}},"8":{"start":{"line":16,"column":8},"end":{"line":16,"column":54}},"9":{"start":{"line":18,"column":4},"end":{"line":20,"column":6}},"10":{"start":{"line":19,"column":8},"end":{"line":19,"column":62}},"11":{"start":{"line":21,"column":4},"end":{"line":31,"column":12}},"12":{"start":{"line":32,"column":4},"end":{"line":32,"column":15}},"13":{"start":{"line":33,"column":4},"end":{"line":33,"column":11}},"14":{"start":{"line":35,"column":0},"end":{"line":35,"column":18}}},"branchMap":{"1":{"line":30,"type":"binary-expr","locations":[{"start":{"line":30,"column":42},"end":{"line":30,"column":142}},{"start":{"line":30,"column":146},"end":{"line":30,"column":148}},{"start":{"line":30,"column":153},"end":{"line":30,"column":159}}]},"2":{"line":30,"type":"binary-expr","locations":[{"start":{"line":30,"column":55},"end":{"line":30,"column":100}},{"start":{"line":30,"column":104},"end":{"line":30,"column":126}}]}},"code":["\"use strict\";","/*"," * Angular 2 decorators and services"," */","var core_1 = require('@angular/core');","var app_service_1 = require('./app.service');","/*"," * App Component"," * Top Level Component"," */","var App = (function () {","    function App(appState) {","        this.appState = appState;","        this.angularclassLogo = 'assets/img/angularclass-avatar.png';","        this.name = 'Angular 2 Webpack Starter';","        this.url = 'https://twitter.com/AngularClass';","    }","    App.prototype.ngOnInit = function () {","        console.log('Initial App State', this.appState.state);","    };","    App = __decorate([","        core_1.Component({","            selector: 'app',","            encapsulation: core_1.ViewEncapsulation.None,","            styleUrls: [","                './app.style.css'","            ],","            template: \"\\n    <nav>\\n      <span>\\n        <a [routerLink]=\\\" ['./'] \\\">\\n          Index\\n        </a>\\n      </span>\\n      |\\n      <span>\\n        <a [routerLink]=\\\" ['./home'] \\\">\\n          Home\\n        </a>\\n      </span>\\n      |\\n      <span>\\n        <a [routerLink]=\\\" ['./detail'] \\\">\\n          Detail\\n        </a>\\n      </span>\\n      |\\n      <span>\\n        <a [routerLink]=\\\" ['./about'] \\\">\\n          About\\n        </a>\\n      </span>\\n    </nav>\\n\\n    <main>\\n      <router-outlet></router-outlet>\\n    </main>\\n\\n    <pre class=\\\"app-state\\\">this.appState.state = {{ appState.state | json }}</pre>\\n\\n    <footer>\\n      <span>WebPack Angular 2 Starter by <a [href]=\\\"url\\\">@AngularClass</a></span>\\n      <div>\\n        <a [href]=\\\"url\\\">\\n          <img [src]=\\\"angularclassLogo\\\" width=\\\"25%\\\">\\n        </a>\\n      </div>\\n    </footer>\\n  \"","        }), ","        __metadata('design:paramtypes', [(typeof (_a = typeof app_service_1.AppState !== 'undefined' && app_service_1.AppState) === 'function' && _a) || Object])","    ], App);","    return App;","    var _a;","}());","exports.App = App;","/*"," * Please review the https://github.com/AngularClass/angular2-examples/ repo for"," * more angular app examples that you may copy/paste"," * (The examples may not be updated as quickly. Please open an issue on github for us to update it)"," * For help or questions please contact us at @AngularClass on twitter"," * or our chat on Slack at https://AngularClass.com/slack-join"," */",""],"l":{"5":1,"6":1,"11":1,"12":1,"13":1,"14":1,"15":1,"16":1,"18":1,"19":0,"21":1,"32":1,"33":0,"35":1}},
"/Users/tarandeepdhupar/Documents/github/angular2-webpack-starter/src/app/app.service.ts":{"path":"/Users/tarandeepdhupar/Documents/github/angular2-webpack-starter/src/app/app.service.ts","s":{"1":1,"2":1,"3":1,"4":4,"5":1,"6":0,"7":0,"8":1,"9":0,"10":0,"11":1,"12":0,"13":1,"14":0,"15":1,"16":1,"17":1},"b":{"1":[0,0]},"f":{"1":1,"2":4,"3":0,"4":0,"5":0,"6":0,"7":0},"fnMap":{"1":{"name":"(anonymous_1)","line":3,"loc":{"start":{"line":3,"column":16},"end":{"line":3,"column":28}}},"2":{"name":"AppState","line":4,"loc":{"start":{"line":4,"column":4},"end":{"line":4,"column":24}}},"3":{"name":"(anonymous_3)","line":9,"loc":{"start":{"line":9,"column":13},"end":{"line":9,"column":25}}},"4":{"name":"(anonymous_4)","line":13,"loc":{"start":{"line":13,"column":13},"end":{"line":13,"column":30}}},"5":{"name":"(anonymous_5)","line":19,"loc":{"start":{"line":19,"column":29},"end":{"line":19,"column":45}}},"6":{"name":"(anonymous_6)","line":24,"loc":{"start":{"line":24,"column":29},"end":{"line":24,"column":52}}},"7":{"name":"(anonymous_7)","line":28,"loc":{"start":{"line":28,"column":32},"end":{"line":28,"column":50}}}},"statementMap":{"1":{"start":{"line":2,"column":0},"end":{"line":2,"column":38}},"2":{"start":{"line":3,"column":0},"end":{"line":37,"column":5}},"3":{"start":{"line":4,"column":4},"end":{"line":6,"column":5}},"4":{"start":{"line":5,"column":8},"end":{"line":5,"column":25}},"5":{"start":{"line":7,"column":4},"end":{"line":18,"column":7}},"6":{"start":{"line":10,"column":12},"end":{"line":10,"column":58}},"7":{"start":{"line":14,"column":12},"end":{"line":14,"column":67}},"8":{"start":{"line":19,"column":4},"end":{"line":23,"column":6}},"9":{"start":{"line":21,"column":8},"end":{"line":21,"column":31}},"10":{"start":{"line":22,"column":8},"end":{"line":22,"column":64}},"11":{"start":{"line":24,"column":4},"end":{"line":27,"column":6}},"12":{"start":{"line":26,"column":8},"end":{"line":26,"column":41}},"13":{"start":{"line":28,"column":4},"end":{"line":31,"column":6}},"14":{"start":{"line":30,"column":8},"end":{"line":30,"column":50}},"15":{"start":{"line":32,"column":4},"end":{"line":35,"column":17}},"16":{"start":{"line":36,"column":4},"end":{"line":36,"column":20}},"17":{"start":{"line":38,"column":0},"end":{"line":38,"column":28}}},"branchMap":{"1":{"line":22,"type":"cond-expr","locations":[{"start":{"line":22,"column":44},"end":{"line":22,"column":55}},{"start":{"line":22,"column":58},"end":{"line":22,"column":63}}]}},"code":["\"use strict\";","var core_1 = require('@angular/core');","var AppState = (function () {","    function AppState() {","        this._state = {};","    }","    Object.defineProperty(AppState.prototype, \"state\", {","        // already return a clone of the current state","        get: function () {","            return this._state = this._clone(this._state);","        },","        // never allow mutation","        set: function (value) {","            throw new Error('do not mutate the `.state` directly');","        },","        enumerable: true,","        configurable: true","    });","    AppState.prototype.get = function (prop) {","        // use our state getter for the clone","        var state = this.state;","        return state.hasOwnProperty(prop) ? state[prop] : state;","    };","    AppState.prototype.set = function (prop, value) {","        // internally mutate our state","        return this._state[prop] = value;","    };","    AppState.prototype._clone = function (object) {","        // simple object clone","        return JSON.parse(JSON.stringify(object));","    };","    AppState = __decorate([","        core_1.Injectable(), ","        __metadata('design:paramtypes', [])","    ], AppState);","    return AppState;","}());","exports.AppState = AppState;",""],"l":{"2":1,"3":1,"4":1,"5":4,"7":1,"10":0,"14":0,"19":1,"21":0,"22":0,"24":1,"26":0,"28":1,"30":0,"32":1,"36":1,"38":1}},
"/Users/tarandeepdhupar/Documents/github/angular2-webpack-starter/src/app/home/home.component.ts":{"path":"/Users/tarandeepdhupar/Documents/github/angular2-webpack-starter/src/app/home/home.component.ts","s":{"1":1,"2":1,"3":1,"4":1,"5":1,"6":1,"7":3,"8":3,"9":3,"10":1,"11":1,"12":1,"13":0,"14":0,"15":0,"16":1,"17":1,"18":0,"19":1},"b":{"1":[1,1,0],"2":[1,1],"3":[1,1,0],"4":[1,1]},"f":{"1":1,"2":3,"3":1,"4":0},"fnMap":{"1":{"name":"(anonymous_1)","line":6,"loc":{"start":{"line":6,"column":12},"end":{"line":6,"column":24}}},"2":{"name":"Home","line":8,"loc":{"start":{"line":8,"column":4},"end":{"line":8,"column":35}}},"3":{"name":"(anonymous_3)","line":14,"loc":{"start":{"line":14,"column":30},"end":{"line":14,"column":42}}},"4":{"name":"(anonymous_4)","line":18,"loc":{"start":{"line":18,"column":33},"end":{"line":18,"column":50}}}},"statementMap":{"1":{"start":{"line":2,"column":0},"end":{"line":2,"column":38}},"2":{"start":{"line":3,"column":0},"end":{"line":3,"column":46}},"3":{"start":{"line":4,"column":0},"end":{"line":4,"column":33}},"4":{"start":{"line":5,"column":0},"end":{"line":5,"column":37}},"5":{"start":{"line":6,"column":0},"end":{"line":49,"column":5}},"6":{"start":{"line":8,"column":4},"end":{"line":13,"column":5}},"7":{"start":{"line":9,"column":8},"end":{"line":9,"column":33}},"8":{"start":{"line":10,"column":8},"end":{"line":10,"column":27}},"9":{"start":{"line":12,"column":8},"end":{"line":12,"column":40}},"10":{"start":{"line":14,"column":4},"end":{"line":17,"column":6}},"11":{"start":{"line":15,"column":8},"end":{"line":15,"column":46}},"12":{"start":{"line":18,"column":4},"end":{"line":22,"column":6}},"13":{"start":{"line":19,"column":8},"end":{"line":19,"column":42}},"14":{"start":{"line":20,"column":8},"end":{"line":20,"column":42}},"15":{"start":{"line":21,"column":8},"end":{"line":21,"column":35}},"16":{"start":{"line":23,"column":4},"end":{"line":46,"column":13}},"17":{"start":{"line":47,"column":4},"end":{"line":47,"column":16}},"18":{"start":{"line":48,"column":4},"end":{"line":48,"column":15}},"19":{"start":{"line":50,"column":0},"end":{"line":50,"column":20}}},"branchMap":{"1":{"line":45,"type":"binary-expr","locations":[{"start":{"line":45,"column":42},"end":{"line":45,"column":142}},{"start":{"line":45,"column":146},"end":{"line":45,"column":148}},{"start":{"line":45,"column":153},"end":{"line":45,"column":159}}]},"2":{"line":45,"type":"binary-expr","locations":[{"start":{"line":45,"column":55},"end":{"line":45,"column":100}},{"start":{"line":45,"column":104},"end":{"line":45,"column":126}}]},"3":{"line":45,"type":"binary-expr","locations":[{"start":{"line":45,"column":162},"end":{"line":45,"column":244}},{"start":{"line":45,"column":248},"end":{"line":45,"column":250}},{"start":{"line":45,"column":255},"end":{"line":45,"column":261}}]},"4":{"line":45,"type":"binary-expr","locations":[{"start":{"line":45,"column":175},"end":{"line":45,"column":211}},{"start":{"line":45,"column":215},"end":{"line":45,"column":228}}]}},"code":["\"use strict\";","var core_1 = require('@angular/core');","var app_service_1 = require('../app.service');","var title_1 = require('./title');","var x_large_1 = require('./x-large');","var Home = (function () {","    // TypeScript public modifiers","    function Home(appState, title) {","        this.appState = appState;","        this.title = title;","        // Set our default values","        this.localState = { value: '' };","    }","    Home.prototype.ngOnInit = function () {","        console.log('hello `Home` component');","        // this.title.getData().subscribe(data => this.data = data);","    };","    Home.prototype.submitState = function (value) {","        console.log('submitState', value);","        this.appState.set('value', value);","        this.localState.value = '';","    };","    Home = __decorate([","        core_1.Component({","            // The selector is what angular internally uses","            // for `document.querySelectorAll(selector)` in our index.html","            // where, in this case, selector is the string 'home'","            selector: 'home',","            // We need to tell Angular's Dependency Injection which providers are in our app.","            providers: [","                title_1.Title","            ],","            // We need to tell Angular's compiler which directives are in our template.","            // Doing so will allow Angular to attach our behavior to an element","            directives: [","                x_large_1.XLarge","            ],","            // We need to tell Angular's compiler which custom pipes are in our template.","            pipes: [],","            // Our list of styles in our component. We may add more to compose many styles together","            styleUrls: ['./home.style.css'],","            // Every Angular template is first compiled by the browser before Angular runs it's compiler","            templateUrl: './home.template.html'","        }), ","        __metadata('design:paramtypes', [(typeof (_a = typeof app_service_1.AppState !== 'undefined' && app_service_1.AppState) === 'function' && _a) || Object, (typeof (_b = typeof title_1.Title !== 'undefined' && title_1.Title) === 'function' && _b) || Object])","    ], Home);","    return Home;","    var _a, _b;","}());","exports.Home = Home;",""],"l":{"2":1,"3":1,"4":1,"5":1,"6":1,"8":1,"9":3,"10":3,"12":3,"14":1,"15":1,"18":1,"19":0,"20":0,"21":0,"23":1,"47":1,"48":0,"50":1}},
"/Users/tarandeepdhupar/Documents/github/angular2-webpack-starter/src/app/home/title/index.ts":{"path":"/Users/tarandeepdhupar/Documents/github/angular2-webpack-starter/src/app/home/title/index.ts","s":{"1":1,"2":1,"3":1,"4":1,"5":1},"b":{"1":[1,0]},"f":{"1":1},"fnMap":{"1":{"name":"__export","line":2,"loc":{"start":{"line":2,"column":0},"end":{"line":2,"column":21}}}},"statementMap":{"1":{"start":{"line":2,"column":0},"end":{"line":4,"column":1}},"2":{"start":{"line":3,"column":4},"end":{"line":3,"column":71}},"3":{"start":{"line":3,"column":21},"end":{"line":3,"column":71}},"4":{"start":{"line":3,"column":53},"end":{"line":3,"column":71}},"5":{"start":{"line":5,"column":0},"end":{"line":5,"column":37}}},"branchMap":{"1":{"line":3,"type":"if","locations":[{"start":{"line":3,"column":21},"end":{"line":3,"column":21}},{"start":{"line":3,"column":21},"end":{"line":3,"column":21}}]}},"code":["\"use strict\";","function __export(m) {","    for (var p in m) if (!exports.hasOwnProperty(p)) exports[p] = m[p];","}","__export(require('./title.service'));",""],"l":{"2":1,"3":1,"5":1}},
"/Users/tarandeepdhupar/Documents/github/angular2-webpack-starter/src/app/home/title/title.service.ts":{"path":"/Users/tarandeepdhupar/Documents/github/angular2-webpack-starter/src/app/home/title/title.service.ts","s":{"1":1,"2":1,"3":1,"4":1,"5":5,"6":5,"7":1,"8":2,"9":2,"10":1,"11":1,"12":0,"13":1},"b":{"1":[1,1,0],"2":[1,1]},"f":{"1":1,"2":5,"3":2},"fnMap":{"1":{"name":"(anonymous_1)","line":4,"loc":{"start":{"line":4,"column":13},"end":{"line":4,"column":25}}},"2":{"name":"Title","line":5,"loc":{"start":{"line":5,"column":4},"end":{"line":5,"column":25}}},"3":{"name":"(anonymous_3)","line":9,"loc":{"start":{"line":9,"column":30},"end":{"line":9,"column":42}}}},"statementMap":{"1":{"start":{"line":2,"column":0},"end":{"line":2,"column":38}},"2":{"start":{"line":3,"column":0},"end":{"line":3,"column":38}},"3":{"start":{"line":4,"column":0},"end":{"line":23,"column":5}},"4":{"start":{"line":5,"column":4},"end":{"line":8,"column":5}},"5":{"start":{"line":6,"column":8},"end":{"line":6,"column":25}},"6":{"start":{"line":7,"column":8},"end":{"line":7,"column":33}},"7":{"start":{"line":9,"column":4},"end":{"line":16,"column":6}},"8":{"start":{"line":10,"column":8},"end":{"line":10,"column":49}},"9":{"start":{"line":13,"column":8},"end":{"line":15,"column":10}},"10":{"start":{"line":17,"column":4},"end":{"line":20,"column":14}},"11":{"start":{"line":21,"column":4},"end":{"line":21,"column":17}},"12":{"start":{"line":22,"column":4},"end":{"line":22,"column":11}},"13":{"start":{"line":24,"column":0},"end":{"line":24,"column":22}}},"branchMap":{"1":{"line":19,"type":"binary-expr","locations":[{"start":{"line":19,"column":42},"end":{"line":19,"column":120}},{"start":{"line":19,"column":124},"end":{"line":19,"column":126}},{"start":{"line":19,"column":131},"end":{"line":19,"column":137}}]},"2":{"line":19,"type":"binary-expr","locations":[{"start":{"line":19,"column":55},"end":{"line":19,"column":89}},{"start":{"line":19,"column":93},"end":{"line":19,"column":104}}]}},"code":["\"use strict\";","var core_1 = require('@angular/core');","var http_1 = require('@angular/http');","var Title = (function () {","    function Title(http) {","        this.http = http;","        this.value = 'Angular 2';","    }","    Title.prototype.getData = function () {","        console.log('Title#getData(): Get Data');","        // return this.http.get('/assets/data.json')","        // .map(res => res.json());","        return {","            value: 'AngularClass'","        };","    };","    Title = __decorate([","        core_1.Injectable(), ","        __metadata('design:paramtypes', [(typeof (_a = typeof http_1.Http !== 'undefined' && http_1.Http) === 'function' && _a) || Object])","    ], Title);","    return Title;","    var _a;","}());","exports.Title = Title;",""],"l":{"2":1,"3":1,"4":1,"5":1,"6":5,"7":5,"9":1,"10":2,"13":2,"17":1,"21":1,"22":0,"24":1}},
"/Users/tarandeepdhupar/Documents/github/angular2-webpack-starter/src/app/home/x-large/index.ts":{"path":"/Users/tarandeepdhupar/Documents/github/angular2-webpack-starter/src/app/home/x-large/index.ts","s":{"1":1,"2":1,"3":1,"4":1,"5":1},"b":{"1":[1,0]},"f":{"1":1},"fnMap":{"1":{"name":"__export","line":2,"loc":{"start":{"line":2,"column":0},"end":{"line":2,"column":21}}}},"statementMap":{"1":{"start":{"line":2,"column":0},"end":{"line":4,"column":1}},"2":{"start":{"line":3,"column":4},"end":{"line":3,"column":71}},"3":{"start":{"line":3,"column":21},"end":{"line":3,"column":71}},"4":{"start":{"line":3,"column":53},"end":{"line":3,"column":71}},"5":{"start":{"line":5,"column":0},"end":{"line":5,"column":41}}},"branchMap":{"1":{"line":3,"type":"if","locations":[{"start":{"line":3,"column":21},"end":{"line":3,"column":21}},{"start":{"line":3,"column":21},"end":{"line":3,"column":21}}]}},"code":["\"use strict\";","function __export(m) {","    for (var p in m) if (!exports.hasOwnProperty(p)) exports[p] = m[p];","}","__export(require('./x-large.directive'));",""],"l":{"2":1,"3":1,"5":1}},
"/Users/tarandeepdhupar/Documents/github/angular2-webpack-starter/src/app/home/x-large/x-large.directive.ts":{"path":"/Users/tarandeepdhupar/Documents/github/angular2-webpack-starter/src/app/home/x-large/x-large.directive.ts","s":{"1":1,"2":1,"3":1,"4":1,"5":1,"6":1,"7":0,"8":1},"b":{"1":[1,1,0],"2":[1,1],"3":[1,1,0],"4":[1,1]},"f":{"1":1,"2":1},"fnMap":{"1":{"name":"(anonymous_1)","line":7,"loc":{"start":{"line":7,"column":14},"end":{"line":7,"column":26}}},"2":{"name":"XLarge","line":8,"loc":{"start":{"line":8,"column":4},"end":{"line":8,"column":39}}}},"statementMap":{"1":{"start":{"line":2,"column":0},"end":{"line":2,"column":38}},"2":{"start":{"line":7,"column":0},"end":{"line":23,"column":5}},"3":{"start":{"line":8,"column":4},"end":{"line":14,"column":5}},"4":{"start":{"line":13,"column":8},"end":{"line":13,"column":79}},"5":{"start":{"line":15,"column":4},"end":{"line":20,"column":15}},"6":{"start":{"line":21,"column":4},"end":{"line":21,"column":18}},"7":{"start":{"line":22,"column":4},"end":{"line":22,"column":15}},"8":{"start":{"line":24,"column":0},"end":{"line":24,"column":24}}},"branchMap":{"1":{"line":19,"type":"binary-expr","locations":[{"start":{"line":19,"column":42},"end":{"line":19,"column":132}},{"start":{"line":19,"column":136},"end":{"line":19,"column":138}},{"start":{"line":19,"column":143},"end":{"line":19,"column":149}}]},"2":{"line":19,"type":"binary-expr","locations":[{"start":{"line":19,"column":55},"end":{"line":19,"column":95}},{"start":{"line":19,"column":99},"end":{"line":19,"column":116}}]},"3":{"line":19,"type":"binary-expr","locations":[{"start":{"line":19,"column":152},"end":{"line":19,"column":238}},{"start":{"line":19,"column":242},"end":{"line":19,"column":244}},{"start":{"line":19,"column":249},"end":{"line":19,"column":255}}]},"4":{"line":19,"type":"binary-expr","locations":[{"start":{"line":19,"column":165},"end":{"line":19,"column":203}},{"start":{"line":19,"column":207},"end":{"line":19,"column":222}}]}},"code":["\"use strict\";","var core_1 = require('@angular/core');","/*"," * Directive"," * XLarge is a simple directive to show how one is made"," */","var XLarge = (function () {","    function XLarge(element, renderer) {","        // simple DOM manipulation to set font size to x-large","        // `nativeElement` is the direct reference to the DOM element","        // element.nativeElement.style.fontSize = 'x-large';","        // for server/webworker support use the renderer","        renderer.setElementStyle(element.nativeElement, 'fontSize', 'x-large');","    }","    XLarge = __decorate([","        core_1.Directive({","            selector: '[x-large]' // using [ ] means selecting attributes","        }), ","        __metadata('design:paramtypes', [(typeof (_a = typeof core_1.ElementRef !== 'undefined' && core_1.ElementRef) === 'function' && _a) || Object, (typeof (_b = typeof core_1.Renderer !== 'undefined' && core_1.Renderer) === 'function' && _b) || Object])","    ], XLarge);","    return XLarge;","    var _a, _b;","}());","exports.XLarge = XLarge;",""],"l":{"2":1,"7":1,"8":1,"13":1,"15":1,"21":1,"22":0,"24":1}}}
