{
"/Users/tarandeepdhupar/Documents/github/sam-client/src/app/app.component.ts":{"path":"/Users/tarandeepdhupar/Documents/github/sam-client/src/app/app.component.ts","s":{"1":1,"2":1,"3":1,"4":1,"5":1,"6":1,"7":1,"8":1,"9":1,"10":1,"11":1,"12":1,"13":1,"14":1,"15":1},"b":{},"f":{"1":1,"2":1,"3":1},"fnMap":{"1":{"name":"(anonymous_1)","line":16,"loc":{"start":{"line":16,"column":11},"end":{"line":16,"column":23}}},"2":{"name":"App","line":17,"loc":{"start":{"line":17,"column":4},"end":{"line":17,"column":19}}},"3":{"name":"(anonymous_3)","line":20,"loc":{"start":{"line":20,"column":29},"end":{"line":20,"column":41}}}},"statementMap":{"1":{"start":{"line":5,"column":0},"end":{"line":5,"column":38}},"2":{"start":{"line":6,"column":0},"end":{"line":6,"column":92}},"3":{"start":{"line":7,"column":0},"end":{"line":7,"column":86}},"4":{"start":{"line":8,"column":0},"end":{"line":8,"column":65}},"5":{"start":{"line":9,"column":0},"end":{"line":9,"column":65}},"6":{"start":{"line":10,"column":0},"end":{"line":10,"column":63}},"7":{"start":{"line":11,"column":0},"end":{"line":11,"column":36}},"8":{"start":{"line":16,"column":0},"end":{"line":37,"column":5}},"9":{"start":{"line":17,"column":4},"end":{"line":19,"column":5}},"10":{"start":{"line":18,"column":8},"end":{"line":18,"column":43}},"11":{"start":{"line":20,"column":4},"end":{"line":22,"column":6}},"12":{"start":{"line":21,"column":8},"end":{"line":21,"column":44}},"13":{"start":{"line":23,"column":4},"end":{"line":35,"column":12}},"14":{"start":{"line":36,"column":4},"end":{"line":36,"column":15}},"15":{"start":{"line":38,"column":0},"end":{"line":38,"column":18}}},"branchMap":{},"code":["\"use strict\";","/*"," * Angular 2 decorators and services"," */","var core_1 = require('@angular/core');","var component_inject_service_ts_1 = require('./common/service/component.inject.service.ts');","var input_type_constants_ts_1 = require('./common/constants/input.type.constants.ts');","var sam_footer_ts_1 = require('./common/samuikit/sam-footer.ts');","var sam_header_ts_1 = require('./common/samuikit/sam-header.ts');","var sam_space_ts_1 = require('./common/samuikit/sam-space.ts');","require('../assets/js/samuikit.js');","/*"," * App Component"," * Top Level Component"," */","var App = (function () {","    function App() {","        this.testValue = { value: 'Test' };","    }","    App.prototype.ngOnInit = function () {","        this.testValue = { value: 'Test2' };","    };","    App = __decorate([","        core_1.Component({","            selector: 'app',","            encapsulation: core_1.ViewEncapsulation.None,","            styleUrls: [","                './app.style.css'","            ],","            templateUrl: 'app.template.html',","            providers: [component_inject_service_ts_1.ComponentInjectService, input_type_constants_ts_1.InputTypeConstants],","            directives: [sam_header_ts_1.SamHeader, sam_footer_ts_1.SamFooter, sam_space_ts_1.SamSpace]","        }), ","        __metadata('design:paramtypes', [])","    ], App);","    return App;","}());","exports.App = App;",""],"l":{"5":1,"6":1,"7":1,"8":1,"9":1,"10":1,"11":1,"16":1,"17":1,"18":1,"20":1,"21":1,"23":1,"36":1,"38":1}},
"/Users/tarandeepdhupar/Documents/github/sam-client/src/app/common/service/component.inject.service.ts":{"path":"/Users/tarandeepdhupar/Documents/github/sam-client/src/app/common/service/component.inject.service.ts","s":{"1":1,"2":1,"3":1,"4":1,"5":0,"6":1,"7":0,"8":1,"9":0,"10":0,"11":0,"12":1,"13":0,"14":0,"15":0,"16":0,"17":0,"18":0,"19":0,"20":0,"21":0,"22":0,"23":0,"24":0,"25":0,"26":0,"27":0,"28":0,"29":0,"30":0,"31":1,"32":1,"33":0,"34":1},"b":{"1":[0,0],"2":[0,0],"3":[0,0],"4":[0,0],"5":[0,0],"6":[0,0],"7":[0,0],"8":[0,0],"9":[1,1,0],"10":[1,1]},"f":{"1":1,"2":0,"3":0,"4":0,"5":0,"6":0},"fnMap":{"1":{"name":"(anonymous_1)","line":4,"loc":{"start":{"line":4,"column":30},"end":{"line":4,"column":42}}},"2":{"name":"ComponentInjectService","line":5,"loc":{"start":{"line":5,"column":4},"end":{"line":5,"column":57}}},"3":{"name":"(anonymous_3)","line":8,"loc":{"start":{"line":8,"column":58},"end":{"line":8,"column":88}}},"4":{"name":"(anonymous_4)","line":9,"loc":{"start":{"line":9,"column":31},"end":{"line":9,"column":43}}},"5":{"name":"ComponentInject","line":10,"loc":{"start":{"line":10,"column":12},"end":{"line":10,"column":39}}},"6":{"name":"(anonymous_6)","line":24,"loc":{"start":{"line":24,"column":55},"end":{"line":24,"column":77}}}},"statementMap":{"1":{"start":{"line":2,"column":0},"end":{"line":2,"column":38}},"2":{"start":{"line":3,"column":0},"end":{"line":3,"column":80}},"3":{"start":{"line":4,"column":0},"end":{"line":50,"column":5}},"4":{"start":{"line":5,"column":4},"end":{"line":7,"column":5}},"5":{"start":{"line":6,"column":8},"end":{"line":6,"column":55}},"6":{"start":{"line":8,"column":4},"end":{"line":23,"column":6}},"7":{"start":{"line":9,"column":8},"end":{"line":20,"column":13}},"8":{"start":{"line":10,"column":12},"end":{"line":11,"column":13}},"9":{"start":{"line":12,"column":12},"end":{"line":18,"column":32}},"10":{"start":{"line":19,"column":12},"end":{"line":19,"column":35}},"11":{"start":{"line":22,"column":8},"end":{"line":22,"column":31}},"12":{"start":{"line":24,"column":4},"end":{"line":43,"column":6}},"13":{"start":{"line":25,"column":8},"end":{"line":25,"column":17}},"14":{"start":{"line":26,"column":8},"end":{"line":39,"column":70}},"15":{"start":{"line":27,"column":12},"end":{"line":27,"column":65}},"16":{"start":{"line":28,"column":13},"end":{"line":39,"column":70}},"17":{"start":{"line":29,"column":12},"end":{"line":29,"column":65}},"18":{"start":{"line":30,"column":13},"end":{"line":39,"column":70}},"19":{"start":{"line":31,"column":12},"end":{"line":31,"column":66}},"20":{"start":{"line":32,"column":13},"end":{"line":39,"column":70}},"21":{"start":{"line":33,"column":12},"end":{"line":33,"column":66}},"22":{"start":{"line":34,"column":13},"end":{"line":39,"column":70}},"23":{"start":{"line":35,"column":12},"end":{"line":35,"column":66}},"24":{"start":{"line":36,"column":13},"end":{"line":39,"column":70}},"25":{"start":{"line":37,"column":12},"end":{"line":37,"column":66}},"26":{"start":{"line":38,"column":13},"end":{"line":39,"column":70}},"27":{"start":{"line":39,"column":12},"end":{"line":39,"column":70}},"28":{"start":{"line":40,"column":8},"end":{"line":41,"column":62}},"29":{"start":{"line":41,"column":12},"end":{"line":41,"column":62}},"30":{"start":{"line":42,"column":8},"end":{"line":42,"column":64}},"31":{"start":{"line":44,"column":4},"end":{"line":47,"column":31}},"32":{"start":{"line":48,"column":4},"end":{"line":48,"column":34}},"33":{"start":{"line":49,"column":4},"end":{"line":49,"column":11}},"34":{"start":{"line":51,"column":0},"end":{"line":51,"column":56}}},"branchMap":{"1":{"line":26,"type":"if","locations":[{"start":{"line":26,"column":8},"end":{"line":26,"column":8}},{"start":{"line":26,"column":8},"end":{"line":26,"column":8}}]},"2":{"line":28,"type":"if","locations":[{"start":{"line":28,"column":13},"end":{"line":28,"column":13}},{"start":{"line":28,"column":13},"end":{"line":28,"column":13}}]},"3":{"line":30,"type":"if","locations":[{"start":{"line":30,"column":13},"end":{"line":30,"column":13}},{"start":{"line":30,"column":13},"end":{"line":30,"column":13}}]},"4":{"line":32,"type":"if","locations":[{"start":{"line":32,"column":13},"end":{"line":32,"column":13}},{"start":{"line":32,"column":13},"end":{"line":32,"column":13}}]},"5":{"line":34,"type":"if","locations":[{"start":{"line":34,"column":13},"end":{"line":34,"column":13}},{"start":{"line":34,"column":13},"end":{"line":34,"column":13}}]},"6":{"line":36,"type":"if","locations":[{"start":{"line":36,"column":13},"end":{"line":36,"column":13}},{"start":{"line":36,"column":13},"end":{"line":36,"column":13}}]},"7":{"line":38,"type":"if","locations":[{"start":{"line":38,"column":13},"end":{"line":38,"column":13}},{"start":{"line":38,"column":13},"end":{"line":38,"column":13}}]},"8":{"line":40,"type":"if","locations":[{"start":{"line":40,"column":8},"end":{"line":40,"column":8}},{"start":{"line":40,"column":8},"end":{"line":40,"column":8}}]},"9":{"line":46,"type":"binary-expr","locations":[{"start":{"line":46,"column":42},"end":{"line":46,"column":186}},{"start":{"line":46,"column":190},"end":{"line":46,"column":192}},{"start":{"line":46,"column":197},"end":{"line":46,"column":203}}]},"10":{"line":46,"type":"binary-expr","locations":[{"start":{"line":46,"column":55},"end":{"line":46,"column":122}},{"start":{"line":46,"column":126},"end":{"line":46,"column":170}}]}},"code":["\"use strict\";","var core_1 = require('@angular/core');","var input_type_constants_ts_1 = require('../constants/input.type.constants.ts');","var ComponentInjectService = (function () {","    function ComponentInjectService(_inputTypeConstants) {","        this._inputTypeConstants = _inputTypeConstants;","    }","    ComponentInjectService.prototype.compileToComponent = function (selector, template) {","        var ComponentInject = (function () {","            function ComponentInject() {","            }","            ComponentInject = __decorate([","                core_1.Component({","                    selector: selector,","                    template: template","                }), ","                __metadata('design:paramtypes', [])","            ], ComponentInject);","            return ComponentInject;","        }());","        ;","        return ComponentInject;","    };","    ComponentInjectService.prototype.injectComponent = function (id, config) {","        var type;","        if (id === 'label')","            type = this._inputTypeConstants.getConstants().label;","        else if (id === 'alert')","            type = this._inputTypeConstants.getConstants().alert;","        else if (id === 'footer')","            type = this._inputTypeConstants.getConstants().footer;","        else if (id === 'header')","            type = this._inputTypeConstants.getConstants().header;","        else if (id === 'button')","            type = this._inputTypeConstants.getConstants().button;","        else if (id === 'select')","            type = this._inputTypeConstants.getConstants().select;","        else if (id === 'accordions')","            type = this._inputTypeConstants.getConstants().accordions;","        if (id === 'space')","            return this.compileToComponent(id, '<div></div>');","        return this.compileToComponent(id, type.render(config));","    };","    ComponentInjectService = __decorate([","        core_1.Injectable(), ","        __metadata('design:paramtypes', [(typeof (_a = typeof input_type_constants_ts_1.InputTypeConstants !== 'undefined' && input_type_constants_ts_1.InputTypeConstants) === 'function' && _a) || Object])","    ], ComponentInjectService);","    return ComponentInjectService;","    var _a;","}());","exports.ComponentInjectService = ComponentInjectService;",""],"l":{"2":1,"3":1,"4":1,"5":1,"6":0,"8":1,"9":0,"10":1,"12":0,"19":0,"22":0,"24":1,"25":0,"26":0,"27":0,"28":0,"29":0,"30":0,"31":0,"32":0,"33":0,"34":0,"35":0,"36":0,"37":0,"38":0,"39":0,"40":0,"41":0,"42":0,"44":1,"48":1,"49":0,"51":1}},
"/Users/tarandeepdhupar/Documents/github/sam-client/src/app/common/constants/input.type.constants.ts":{"path":"/Users/tarandeepdhupar/Documents/github/sam-client/src/app/common/constants/input.type.constants.ts","s":{"1":1,"2":1,"3":1,"4":1,"5":0,"6":1,"7":1,"8":1},"b":{},"f":{"1":1,"2":0,"3":0},"fnMap":{"1":{"name":"(anonymous_1)","line":3,"loc":{"start":{"line":3,"column":26},"end":{"line":3,"column":38}}},"2":{"name":"InputTypeConstants","line":4,"loc":{"start":{"line":4,"column":4},"end":{"line":4,"column":34}}},"3":{"name":"(anonymous_3)","line":6,"loc":{"start":{"line":6,"column":48},"end":{"line":6,"column":60}}}},"statementMap":{"1":{"start":{"line":2,"column":0},"end":{"line":2,"column":38}},"2":{"start":{"line":3,"column":0},"end":{"line":14,"column":5}},"3":{"start":{"line":4,"column":4},"end":{"line":5,"column":5}},"4":{"start":{"line":6,"column":4},"end":{"line":8,"column":6}},"5":{"start":{"line":7,"column":8},"end":{"line":7,"column":134}},"6":{"start":{"line":9,"column":4},"end":{"line":12,"column":27}},"7":{"start":{"line":13,"column":4},"end":{"line":13,"column":30}},"8":{"start":{"line":15,"column":0},"end":{"line":15,"column":48}}},"branchMap":{},"code":["\"use strict\";","var core_1 = require('@angular/core');","var InputTypeConstants = (function () {","    function InputTypeConstants() {","    }","    InputTypeConstants.prototype.getConstants = function () {","        return { label: label, alert: alert, footer: footer, header: header, button: button, select: select, accordions: accordions };","    };","    InputTypeConstants = __decorate([","        core_1.Injectable(), ","        __metadata('design:paramtypes', [])","    ], InputTypeConstants);","    return InputTypeConstants;","}());","exports.InputTypeConstants = InputTypeConstants;",""],"l":{"2":1,"3":1,"4":1,"6":1,"7":0,"9":1,"13":1,"15":1}},
"/Users/tarandeepdhupar/Documents/github/sam-client/src/app/common/samuikit/sam-footer.ts":{"path":"/Users/tarandeepdhupar/Documents/github/sam-client/src/app/common/samuikit/sam-footer.ts","s":{"1":1,"2":1,"3":1,"4":1,"5":1,"6":0,"7":0,"8":0,"9":0,"10":1,"11":0,"12":1,"13":1,"14":1,"15":0,"16":1},"b":{"1":[1,1,0],"2":[1,1],"3":[1,1,0],"4":[1,1],"5":[1,1,0],"6":[1,1],"7":[1,1,0],"8":[1,1]},"f":{"1":1,"2":0,"3":0},"fnMap":{"1":{"name":"(anonymous_1)","line":5,"loc":{"start":{"line":5,"column":17},"end":{"line":5,"column":29}}},"2":{"name":"SamFooter","line":6,"loc":{"start":{"line":6,"column":4},"end":{"line":6,"column":79}}},"3":{"name":"(anonymous_3)","line":12,"loc":{"start":{"line":12,"column":35},"end":{"line":12,"column":47}}}},"statementMap":{"1":{"start":{"line":2,"column":0},"end":{"line":2,"column":38}},"2":{"start":{"line":3,"column":0},"end":{"line":3,"column":86}},"3":{"start":{"line":4,"column":0},"end":{"line":4,"column":80}},"4":{"start":{"line":5,"column":0},"end":{"line":29,"column":5}},"5":{"start":{"line":6,"column":4},"end":{"line":11,"column":5}},"6":{"start":{"line":7,"column":8},"end":{"line":7,"column":29}},"7":{"start":{"line":8,"column":8},"end":{"line":8,"column":37}},"8":{"start":{"line":9,"column":8},"end":{"line":9,"column":35}},"9":{"start":{"line":10,"column":8},"end":{"line":10,"column":63}},"10":{"start":{"line":12,"column":4},"end":{"line":14,"column":6}},"11":{"start":{"line":13,"column":8},"end":{"line":13,"column":129}},"12":{"start":{"line":15,"column":4},"end":{"line":18,"column":49}},"13":{"start":{"line":19,"column":4},"end":{"line":26,"column":18}},"14":{"start":{"line":27,"column":4},"end":{"line":27,"column":21}},"15":{"start":{"line":28,"column":4},"end":{"line":28,"column":23}},"16":{"start":{"line":30,"column":0},"end":{"line":30,"column":30}}},"branchMap":{"1":{"line":25,"type":"binary-expr","locations":[{"start":{"line":25,"column":42},"end":{"line":25,"column":156}},{"start":{"line":25,"column":160},"end":{"line":25,"column":162}},{"start":{"line":25,"column":167},"end":{"line":25,"column":173}}]},"2":{"line":25,"type":"binary-expr","locations":[{"start":{"line":25,"column":55},"end":{"line":25,"column":107}},{"start":{"line":25,"column":111},"end":{"line":25,"column":140}}]},"3":{"line":25,"type":"binary-expr","locations":[{"start":{"line":25,"column":176},"end":{"line":25,"column":266}},{"start":{"line":25,"column":270},"end":{"line":25,"column":272}},{"start":{"line":25,"column":277},"end":{"line":25,"column":283}}]},"4":{"line":25,"type":"binary-expr","locations":[{"start":{"line":25,"column":189},"end":{"line":25,"column":229}},{"start":{"line":25,"column":233},"end":{"line":25,"column":250}}]},"5":{"line":25,"type":"binary-expr","locations":[{"start":{"line":25,"column":286},"end":{"line":25,"column":372}},{"start":{"line":25,"column":376},"end":{"line":25,"column":378}},{"start":{"line":25,"column":383},"end":{"line":25,"column":389}}]},"6":{"line":25,"type":"binary-expr","locations":[{"start":{"line":25,"column":299},"end":{"line":25,"column":337}},{"start":{"line":25,"column":341},"end":{"line":25,"column":356}}]},"7":{"line":25,"type":"binary-expr","locations":[{"start":{"line":25,"column":392},"end":{"line":25,"column":552}},{"start":{"line":25,"column":556},"end":{"line":25,"column":558}},{"start":{"line":25,"column":563},"end":{"line":25,"column":569}}]},"8":{"line":25,"type":"binary-expr","locations":[{"start":{"line":25,"column":405},"end":{"line":25,"column":480}},{"start":{"line":25,"column":484},"end":{"line":25,"column":536}}]}},"code":["\"use strict\";","var core_1 = require('@angular/core');","var component_inject_service_ts_1 = require('../service/component.inject.service.ts');","var input_type_constants_ts_1 = require('../constants/input.type.constants.ts');","var SamFooter = (function () {","    function SamFooter(loader, elementRef, _injector, _componentInjectService) {","        this.loader = loader;","        this.elementRef = elementRef;","        this._injector = _injector;","        this._componentInjectService = _componentInjectService;","    }","    SamFooter.prototype.ngOnInit = function () {","        this.loader.loadAsRoot(this._componentInjectService.injectComponent('footer', {}), \"#\" + this.labelname, this._injector);","    };","    __decorate([","        core_1.Input(), ","        __metadata('design:type', Object)","    ], SamFooter.prototype, \"labelname\", void 0);","    SamFooter = __decorate([","        core_1.Component({","            selector: 'samFooter',","            template: \"<div id={{labelname}}></div>\",","            providers: [component_inject_service_ts_1.ComponentInjectService, input_type_constants_ts_1.InputTypeConstants]","        }), ","        __metadata('design:paramtypes', [(typeof (_a = typeof core_1.DynamicComponentLoader !== 'undefined' && core_1.DynamicComponentLoader) === 'function' && _a) || Object, (typeof (_b = typeof core_1.ElementRef !== 'undefined' && core_1.ElementRef) === 'function' && _b) || Object, (typeof (_c = typeof core_1.Injector !== 'undefined' && core_1.Injector) === 'function' && _c) || Object, (typeof (_d = typeof component_inject_service_ts_1.ComponentInjectService !== 'undefined' && component_inject_service_ts_1.ComponentInjectService) === 'function' && _d) || Object])","    ], SamFooter);","    return SamFooter;","    var _a, _b, _c, _d;","}());","exports.SamFooter = SamFooter;",""],"l":{"2":1,"3":1,"4":1,"5":1,"6":1,"7":0,"8":0,"9":0,"10":0,"12":1,"13":0,"15":1,"19":1,"27":1,"28":0,"30":1}},
"/Users/tarandeepdhupar/Documents/github/sam-client/src/app/common/samuikit/sam-header.ts":{"path":"/Users/tarandeepdhupar/Documents/github/sam-client/src/app/common/samuikit/sam-header.ts","s":{"1":1,"2":1,"3":1,"4":1,"5":1,"6":0,"7":0,"8":0,"9":0,"10":1,"11":0,"12":1,"13":1,"14":1,"15":0,"16":1},"b":{"1":[1,1,0],"2":[1,1],"3":[1,1,0],"4":[1,1],"5":[1,1,0],"6":[1,1],"7":[1,1,0],"8":[1,1]},"f":{"1":1,"2":0,"3":0},"fnMap":{"1":{"name":"(anonymous_1)","line":5,"loc":{"start":{"line":5,"column":17},"end":{"line":5,"column":29}}},"2":{"name":"SamHeader","line":6,"loc":{"start":{"line":6,"column":4},"end":{"line":6,"column":79}}},"3":{"name":"(anonymous_3)","line":12,"loc":{"start":{"line":12,"column":35},"end":{"line":12,"column":47}}}},"statementMap":{"1":{"start":{"line":2,"column":0},"end":{"line":2,"column":38}},"2":{"start":{"line":3,"column":0},"end":{"line":3,"column":86}},"3":{"start":{"line":4,"column":0},"end":{"line":4,"column":80}},"4":{"start":{"line":5,"column":0},"end":{"line":29,"column":5}},"5":{"start":{"line":6,"column":4},"end":{"line":11,"column":5}},"6":{"start":{"line":7,"column":8},"end":{"line":7,"column":29}},"7":{"start":{"line":8,"column":8},"end":{"line":8,"column":37}},"8":{"start":{"line":9,"column":8},"end":{"line":9,"column":35}},"9":{"start":{"line":10,"column":8},"end":{"line":10,"column":63}},"10":{"start":{"line":12,"column":4},"end":{"line":14,"column":6}},"11":{"start":{"line":13,"column":8},"end":{"line":13,"column":129}},"12":{"start":{"line":15,"column":4},"end":{"line":18,"column":49}},"13":{"start":{"line":19,"column":4},"end":{"line":26,"column":18}},"14":{"start":{"line":27,"column":4},"end":{"line":27,"column":21}},"15":{"start":{"line":28,"column":4},"end":{"line":28,"column":23}},"16":{"start":{"line":30,"column":0},"end":{"line":30,"column":30}}},"branchMap":{"1":{"line":25,"type":"binary-expr","locations":[{"start":{"line":25,"column":42},"end":{"line":25,"column":156}},{"start":{"line":25,"column":160},"end":{"line":25,"column":162}},{"start":{"line":25,"column":167},"end":{"line":25,"column":173}}]},"2":{"line":25,"type":"binary-expr","locations":[{"start":{"line":25,"column":55},"end":{"line":25,"column":107}},{"start":{"line":25,"column":111},"end":{"line":25,"column":140}}]},"3":{"line":25,"type":"binary-expr","locations":[{"start":{"line":25,"column":176},"end":{"line":25,"column":266}},{"start":{"line":25,"column":270},"end":{"line":25,"column":272}},{"start":{"line":25,"column":277},"end":{"line":25,"column":283}}]},"4":{"line":25,"type":"binary-expr","locations":[{"start":{"line":25,"column":189},"end":{"line":25,"column":229}},{"start":{"line":25,"column":233},"end":{"line":25,"column":250}}]},"5":{"line":25,"type":"binary-expr","locations":[{"start":{"line":25,"column":286},"end":{"line":25,"column":372}},{"start":{"line":25,"column":376},"end":{"line":25,"column":378}},{"start":{"line":25,"column":383},"end":{"line":25,"column":389}}]},"6":{"line":25,"type":"binary-expr","locations":[{"start":{"line":25,"column":299},"end":{"line":25,"column":337}},{"start":{"line":25,"column":341},"end":{"line":25,"column":356}}]},"7":{"line":25,"type":"binary-expr","locations":[{"start":{"line":25,"column":392},"end":{"line":25,"column":552}},{"start":{"line":25,"column":556},"end":{"line":25,"column":558}},{"start":{"line":25,"column":563},"end":{"line":25,"column":569}}]},"8":{"line":25,"type":"binary-expr","locations":[{"start":{"line":25,"column":405},"end":{"line":25,"column":480}},{"start":{"line":25,"column":484},"end":{"line":25,"column":536}}]}},"code":["\"use strict\";","var core_1 = require('@angular/core');","var component_inject_service_ts_1 = require('../service/component.inject.service.ts');","var input_type_constants_ts_1 = require('../constants/input.type.constants.ts');","var SamHeader = (function () {","    function SamHeader(loader, elementRef, _injector, _componentInjectService) {","        this.loader = loader;","        this.elementRef = elementRef;","        this._injector = _injector;","        this._componentInjectService = _componentInjectService;","    }","    SamHeader.prototype.ngOnInit = function () {","        this.loader.loadAsRoot(this._componentInjectService.injectComponent('header', {}), \"#\" + this.labelname, this._injector);","    };","    __decorate([","        core_1.Input(), ","        __metadata('design:type', Object)","    ], SamHeader.prototype, \"labelname\", void 0);","    SamHeader = __decorate([","        core_1.Component({","            selector: 'samHeader',","            template: \"<div id={{labelname}}></div>\",","            providers: [component_inject_service_ts_1.ComponentInjectService, input_type_constants_ts_1.InputTypeConstants]","        }), ","        __metadata('design:paramtypes', [(typeof (_a = typeof core_1.DynamicComponentLoader !== 'undefined' && core_1.DynamicComponentLoader) === 'function' && _a) || Object, (typeof (_b = typeof core_1.ElementRef !== 'undefined' && core_1.ElementRef) === 'function' && _b) || Object, (typeof (_c = typeof core_1.Injector !== 'undefined' && core_1.Injector) === 'function' && _c) || Object, (typeof (_d = typeof component_inject_service_ts_1.ComponentInjectService !== 'undefined' && component_inject_service_ts_1.ComponentInjectService) === 'function' && _d) || Object])","    ], SamHeader);","    return SamHeader;","    var _a, _b, _c, _d;","}());","exports.SamHeader = SamHeader;",""],"l":{"2":1,"3":1,"4":1,"5":1,"6":1,"7":0,"8":0,"9":0,"10":0,"12":1,"13":0,"15":1,"19":1,"27":1,"28":0,"30":1}},
"/Users/tarandeepdhupar/Documents/github/sam-client/src/app/common/samuikit/sam-space.ts":{"path":"/Users/tarandeepdhupar/Documents/github/sam-client/src/app/common/samuikit/sam-space.ts","s":{"1":1,"2":1,"3":1,"4":1,"5":1,"6":0,"7":0,"8":0,"9":0,"10":1,"11":0,"12":1,"13":1,"14":1,"15":0,"16":1},"b":{"1":[1,1,0],"2":[1,1],"3":[1,1,0],"4":[1,1],"5":[1,1,0],"6":[1,1],"7":[1,1,0],"8":[1,1]},"f":{"1":1,"2":0,"3":0},"fnMap":{"1":{"name":"(anonymous_1)","line":5,"loc":{"start":{"line":5,"column":16},"end":{"line":5,"column":28}}},"2":{"name":"SamSpace","line":6,"loc":{"start":{"line":6,"column":4},"end":{"line":6,"column":78}}},"3":{"name":"(anonymous_3)","line":12,"loc":{"start":{"line":12,"column":34},"end":{"line":12,"column":46}}}},"statementMap":{"1":{"start":{"line":2,"column":0},"end":{"line":2,"column":38}},"2":{"start":{"line":3,"column":0},"end":{"line":3,"column":86}},"3":{"start":{"line":4,"column":0},"end":{"line":4,"column":80}},"4":{"start":{"line":5,"column":0},"end":{"line":29,"column":5}},"5":{"start":{"line":6,"column":4},"end":{"line":11,"column":5}},"6":{"start":{"line":7,"column":8},"end":{"line":7,"column":29}},"7":{"start":{"line":8,"column":8},"end":{"line":8,"column":37}},"8":{"start":{"line":9,"column":8},"end":{"line":9,"column":35}},"9":{"start":{"line":10,"column":8},"end":{"line":10,"column":63}},"10":{"start":{"line":12,"column":4},"end":{"line":14,"column":6}},"11":{"start":{"line":13,"column":8},"end":{"line":13,"column":128}},"12":{"start":{"line":15,"column":4},"end":{"line":18,"column":48}},"13":{"start":{"line":19,"column":4},"end":{"line":26,"column":17}},"14":{"start":{"line":27,"column":4},"end":{"line":27,"column":20}},"15":{"start":{"line":28,"column":4},"end":{"line":28,"column":23}},"16":{"start":{"line":30,"column":0},"end":{"line":30,"column":28}}},"branchMap":{"1":{"line":25,"type":"binary-expr","locations":[{"start":{"line":25,"column":42},"end":{"line":25,"column":156}},{"start":{"line":25,"column":160},"end":{"line":25,"column":162}},{"start":{"line":25,"column":167},"end":{"line":25,"column":173}}]},"2":{"line":25,"type":"binary-expr","locations":[{"start":{"line":25,"column":55},"end":{"line":25,"column":107}},{"start":{"line":25,"column":111},"end":{"line":25,"column":140}}]},"3":{"line":25,"type":"binary-expr","locations":[{"start":{"line":25,"column":176},"end":{"line":25,"column":266}},{"start":{"line":25,"column":270},"end":{"line":25,"column":272}},{"start":{"line":25,"column":277},"end":{"line":25,"column":283}}]},"4":{"line":25,"type":"binary-expr","locations":[{"start":{"line":25,"column":189},"end":{"line":25,"column":229}},{"start":{"line":25,"column":233},"end":{"line":25,"column":250}}]},"5":{"line":25,"type":"binary-expr","locations":[{"start":{"line":25,"column":286},"end":{"line":25,"column":372}},{"start":{"line":25,"column":376},"end":{"line":25,"column":378}},{"start":{"line":25,"column":383},"end":{"line":25,"column":389}}]},"6":{"line":25,"type":"binary-expr","locations":[{"start":{"line":25,"column":299},"end":{"line":25,"column":337}},{"start":{"line":25,"column":341},"end":{"line":25,"column":356}}]},"7":{"line":25,"type":"binary-expr","locations":[{"start":{"line":25,"column":392},"end":{"line":25,"column":552}},{"start":{"line":25,"column":556},"end":{"line":25,"column":558}},{"start":{"line":25,"column":563},"end":{"line":25,"column":569}}]},"8":{"line":25,"type":"binary-expr","locations":[{"start":{"line":25,"column":405},"end":{"line":25,"column":480}},{"start":{"line":25,"column":484},"end":{"line":25,"column":536}}]}},"code":["\"use strict\";","var core_1 = require('@angular/core');","var component_inject_service_ts_1 = require('../service/component.inject.service.ts');","var input_type_constants_ts_1 = require('../constants/input.type.constants.ts');","var SamSpace = (function () {","    function SamSpace(loader, elementRef, _injector, _componentInjectService) {","        this.loader = loader;","        this.elementRef = elementRef;","        this._injector = _injector;","        this._componentInjectService = _componentInjectService;","    }","    SamSpace.prototype.ngOnInit = function () {","        this.loader.loadAsRoot(this._componentInjectService.injectComponent('space', {}), \"#\" + this.labelname, this._injector);","    };","    __decorate([","        core_1.Input(), ","        __metadata('design:type', Object)","    ], SamSpace.prototype, \"labelname\", void 0);","    SamSpace = __decorate([","        core_1.Component({","            selector: 'samSpace',","            template: \"<div id={{labelname}}></div>\",","            providers: [component_inject_service_ts_1.ComponentInjectService, input_type_constants_ts_1.InputTypeConstants]","        }), ","        __metadata('design:paramtypes', [(typeof (_a = typeof core_1.DynamicComponentLoader !== 'undefined' && core_1.DynamicComponentLoader) === 'function' && _a) || Object, (typeof (_b = typeof core_1.ElementRef !== 'undefined' && core_1.ElementRef) === 'function' && _b) || Object, (typeof (_c = typeof core_1.Injector !== 'undefined' && core_1.Injector) === 'function' && _c) || Object, (typeof (_d = typeof component_inject_service_ts_1.ComponentInjectService !== 'undefined' && component_inject_service_ts_1.ComponentInjectService) === 'function' && _d) || Object])","    ], SamSpace);","    return SamSpace;","    var _a, _b, _c, _d;","}());","exports.SamSpace = SamSpace;",""],"l":{"2":1,"3":1,"4":1,"5":1,"6":1,"7":0,"8":0,"9":0,"10":0,"12":1,"13":0,"15":1,"19":1,"27":1,"28":0,"30":1}},
"/Users/tarandeepdhupar/Documents/github/sam-client/src/assets/js/samuikit.js":{"path":"/Users/tarandeepdhupar/Documents/github/sam-client/src/assets/js/samuikit.js","s":{"1":1,"2":0,"3":0,"4":0,"5":0,"6":0,"7":0,"8":0,"9":0,"10":0,"11":0,"12":0,"13":0,"14":0,"15":0,"16":0,"17":0,"18":0,"19":0,"20":0,"21":0,"22":0,"23":0,"24":0,"25":0,"26":0,"27":0,"28":0,"29":0,"30":0,"31":0,"32":0,"33":0,"34":0,"35":0,"36":0,"37":0,"38":0,"39":0,"40":0,"41":0,"42":0,"43":0,"44":0,"45":0,"46":0,"47":0,"48":0,"49":0,"50":0,"51":0,"52":0,"53":0,"54":0,"55":0,"56":0,"57":0,"58":0,"59":0,"60":0,"61":0,"62":0,"63":0,"64":0,"65":0,"66":0,"67":0,"68":0,"69":0,"70":0},"b":{"1":[0,0],"2":[0,0],"3":[0,0],"4":[0,0],"5":[0,0,0],"6":[0,0,0],"7":[0,0],"8":[0,0],"9":[0,0],"10":[0,0],"11":[0,0],"12":[0,0],"13":[0,0],"14":[0,0],"15":[0,0],"16":[0,0],"17":[0,0],"18":[0,0],"19":[0,0,0],"20":[0,0],"21":[0,0],"22":[0,0],"23":[0,0,0],"24":[0,0],"25":[0,0],"26":[0,0],"27":[0,0],"28":[0,0],"29":[0,0],"30":[0,0],"31":[0,0],"32":[0,0],"33":[0,0],"34":[0,0],"35":[0,0],"36":[0,0],"37":[0,0,0],"38":[0,0,0],"39":[0,0],"40":[0,0],"41":[0,0],"42":[0,0],"43":[0,0],"44":[0,0],"45":[0,0],"46":[0,0],"47":[0,0],"48":[0,0],"49":[0,0],"50":[0,0],"51":[0,0,0,0]},"f":{"1":0,"2":0,"3":0,"4":0,"5":0,"6":0,"7":0,"8":0,"9":0,"10":0,"11":0,"12":0,"13":0,"14":0,"15":0,"16":0,"17":0,"18":0,"19":0,"20":0,"21":0,"22":0,"23":0,"24":0,"25":0,"26":0,"27":0},"fnMap":{"1":{"name":"(anonymous_1)","line":1,"loc":{"start":{"line":1,"column":19},"end":{"line":1,"column":30}}},"2":{"name":"(anonymous_2)","line":1,"loc":{"start":{"line":1,"column":442},"end":{"line":1,"column":453}}},"3":{"name":"(anonymous_3)","line":1,"loc":{"start":{"line":1,"column":884},"end":{"line":1,"column":895}}},"4":{"name":"(anonymous_4)","line":1,"loc":{"start":{"line":1,"column":1708},"end":{"line":1,"column":1719}}},"5":{"name":"(anonymous_5)","line":1,"loc":{"start":{"line":1,"column":2354},"end":{"line":1,"column":2365}}},"6":{"name":"(anonymous_6)","line":1,"loc":{"start":{"line":1,"column":2541},"end":{"line":1,"column":2551}}},"7":{"name":"(anonymous_7)","line":1,"loc":{"start":{"line":1,"column":3654},"end":{"line":1,"column":3664}}},"8":{"name":"(anonymous_8)","line":1,"loc":{"start":{"line":1,"column":4291},"end":{"line":1,"column":4302}}},"9":{"name":"(anonymous_9)","line":1,"loc":{"start":{"line":1,"column":4531},"end":{"line":1,"column":4542}}},"10":{"name":"(anonymous_10)","line":1,"loc":{"start":{"line":1,"column":5044},"end":{"line":1,"column":5055}}},"11":{"name":"(anonymous_11)","line":1,"loc":{"start":{"line":1,"column":5263},"end":{"line":1,"column":5274}}},"12":{"name":"(anonymous_12)","line":1,"loc":{"start":{"line":1,"column":5466},"end":{"line":1,"column":5477}}},"13":{"name":"(anonymous_13)","line":1,"loc":{"start":{"line":1,"column":5701},"end":{"line":1,"column":5712}}},"14":{"name":"(anonymous_14)","line":1,"loc":{"start":{"line":1,"column":5847},"end":{"line":1,"column":5858}}},"15":{"name":"(anonymous_15)","line":1,"loc":{"start":{"line":1,"column":6064},"end":{"line":1,"column":6075}}},"16":{"name":"(anonymous_16)","line":1,"loc":{"start":{"line":1,"column":6486},"end":{"line":1,"column":6497}}},"17":{"name":"(anonymous_17)","line":1,"loc":{"start":{"line":1,"column":6634},"end":{"line":1,"column":6645}}},"18":{"name":"(anonymous_18)","line":1,"loc":{"start":{"line":1,"column":6733},"end":{"line":1,"column":6744}}},"19":{"name":"(anonymous_19)","line":1,"loc":{"start":{"line":1,"column":6803},"end":{"line":1,"column":6814}}},"20":{"name":"(anonymous_20)","line":1,"loc":{"start":{"line":1,"column":6869},"end":{"line":1,"column":6880}}},"21":{"name":"(anonymous_21)","line":1,"loc":{"start":{"line":1,"column":6939},"end":{"line":1,"column":6950}}},"22":{"name":"(anonymous_22)","line":1,"loc":{"start":{"line":1,"column":7010},"end":{"line":1,"column":7021}}},"23":{"name":"(anonymous_23)","line":1,"loc":{"start":{"line":1,"column":7101},"end":{"line":1,"column":7112}}},"24":{"name":"(anonymous_24)","line":1,"loc":{"start":{"line":1,"column":7311},"end":{"line":1,"column":7322}}},"25":{"name":"(anonymous_25)","line":1,"loc":{"start":{"line":1,"column":7392},"end":{"line":1,"column":7403}}},"26":{"name":"(anonymous_26)","line":1,"loc":{"start":{"line":1,"column":7455},"end":{"line":1,"column":7466}}},"27":{"name":"(anonymous_27)","line":1,"loc":{"start":{"line":1,"column":7531},"end":{"line":1,"column":7542}}}},"statementMap":{"1":{"start":{"line":1,"column":0},"end":{"line":1,"column":8350}},"2":{"start":{"line":1,"column":31},"end":{"line":1,"column":45}},"3":{"start":{"line":1,"column":45},"end":{"line":1,"column":157}},"4":{"start":{"line":1,"column":157},"end":{"line":1,"column":181}},"5":{"start":{"line":1,"column":181},"end":{"line":1,"column":380}},"6":{"start":{"line":1,"column":196},"end":{"line":1,"column":380}},"7":{"start":{"line":1,"column":380},"end":{"line":1,"column":430}},"8":{"start":{"line":1,"column":454},"end":{"line":1,"column":504}},"9":{"start":{"line":1,"column":504},"end":{"line":1,"column":595}},"10":{"start":{"line":1,"column":595},"end":{"line":1,"column":604}},"11":{"start":{"line":1,"column":604},"end":{"line":1,"column":867}},"12":{"start":{"line":1,"column":896},"end":{"line":1,"column":925}},"13":{"start":{"line":1,"column":925},"end":{"line":1,"column":1663}},"14":{"start":{"line":1,"column":1663},"end":{"line":1,"column":1690}},"15":{"start":{"line":1,"column":1720},"end":{"line":1,"column":1740}},"16":{"start":{"line":1,"column":1740},"end":{"line":1,"column":2310}},"17":{"start":{"line":1,"column":2310},"end":{"line":1,"column":2337}},"18":{"start":{"line":1,"column":2366},"end":{"line":1,"column":2386}},"19":{"start":{"line":1,"column":2386},"end":{"line":1,"column":2498}},"20":{"start":{"line":1,"column":2498},"end":{"line":1,"column":2523}},"21":{"start":{"line":1,"column":2552},"end":{"line":1,"column":3628}},"22":{"start":{"line":1,"column":3628},"end":{"line":1,"column":3636}},"23":{"start":{"line":1,"column":3665},"end":{"line":1,"column":4265}},"24":{"start":{"line":1,"column":4265},"end":{"line":1,"column":4273}},"25":{"start":{"line":1,"column":4303},"end":{"line":1,"column":4346}},"26":{"start":{"line":1,"column":4337},"end":{"line":1,"column":4346}},"27":{"start":{"line":1,"column":4346},"end":{"line":1,"column":4355}},"28":{"start":{"line":1,"column":4355},"end":{"line":1,"column":4518}},"29":{"start":{"line":1,"column":4543},"end":{"line":1,"column":4552}},"30":{"start":{"line":1,"column":4552},"end":{"line":1,"column":5016}},"31":{"start":{"line":1,"column":4591},"end":{"line":1,"column":4755}},"32":{"start":{"line":1,"column":4760},"end":{"line":1,"column":4834}},"33":{"start":{"line":1,"column":4834},"end":{"line":1,"column":4843}},"34":{"start":{"line":1,"column":4843},"end":{"line":1,"column":4910}},"35":{"start":{"line":1,"column":4910},"end":{"line":1,"column":4919}},"36":{"start":{"line":1,"column":4919},"end":{"line":1,"column":5015}},"37":{"start":{"line":1,"column":5016},"end":{"line":1,"column":5033}},"38":{"start":{"line":1,"column":5056},"end":{"line":1,"column":5112}},"39":{"start":{"line":1,"column":5112},"end":{"line":1,"column":5247}},"40":{"start":{"line":1,"column":5275},"end":{"line":1,"column":5284}},"41":{"start":{"line":1,"column":5284},"end":{"line":1,"column":5385}},"42":{"start":{"line":1,"column":5385},"end":{"line":1,"column":5394}},"43":{"start":{"line":1,"column":5394},"end":{"line":1,"column":5451}},"44":{"start":{"line":1,"column":5478},"end":{"line":1,"column":5487}},"45":{"start":{"line":1,"column":5487},"end":{"line":1,"column":5688}},"46":{"start":{"line":1,"column":5713},"end":{"line":1,"column":5722}},"47":{"start":{"line":1,"column":5722},"end":{"line":1,"column":5834}},"48":{"start":{"line":1,"column":5859},"end":{"line":1,"column":5906}},"49":{"start":{"line":1,"column":5906},"end":{"line":1,"column":6038}},"50":{"start":{"line":1,"column":5930},"end":{"line":1,"column":6028}},"51":{"start":{"line":1,"column":6028},"end":{"line":1,"column":6037}},"52":{"start":{"line":1,"column":6038},"end":{"line":1,"column":6055}},"53":{"start":{"line":1,"column":6076},"end":{"line":1,"column":6114}},"54":{"start":{"line":1,"column":6114},"end":{"line":1,"column":6458}},"55":{"start":{"line":1,"column":6154},"end":{"line":1,"column":6163}},"56":{"start":{"line":1,"column":6163},"end":{"line":1,"column":6388}},"57":{"start":{"line":1,"column":6394},"end":{"line":1,"column":6458}},"58":{"start":{"line":1,"column":6458},"end":{"line":1,"column":6475}},"59":{"start":{"line":1,"column":6498},"end":{"line":1,"column":6624}},"60":{"start":{"line":1,"column":6646},"end":{"line":1,"column":6719}},"61":{"start":{"line":1,"column":6745},"end":{"line":1,"column":6792}},"62":{"start":{"line":1,"column":6815},"end":{"line":1,"column":6855}},"63":{"start":{"line":1,"column":6881},"end":{"line":1,"column":6928}},"64":{"start":{"line":1,"column":6951},"end":{"line":1,"column":6991}},"65":{"start":{"line":1,"column":7022},"end":{"line":1,"column":7080}},"66":{"start":{"line":1,"column":7113},"end":{"line":1,"column":7292}},"67":{"start":{"line":1,"column":7323},"end":{"line":1,"column":7381}},"68":{"start":{"line":1,"column":7404},"end":{"line":1,"column":7445}},"69":{"start":{"line":1,"column":7467},"end":{"line":1,"column":7506}},"70":{"start":{"line":1,"column":7543},"end":{"line":1,"column":8347}}},"branchMap":{"1":{"line":1,"type":"binary-expr","locations":[{"start":{"line":1,"column":45},"end":{"line":1,"column":55}},{"start":{"line":1,"column":58},"end":{"line":1,"column":71}}]},"2":{"line":1,"type":"binary-expr","locations":[{"start":{"line":1,"column":238},"end":{"line":1,"column":265}},{"start":{"line":1,"column":267},"end":{"line":1,"column":290}}]},"3":{"line":1,"type":"cond-expr","locations":[{"start":{"line":1,"column":303},"end":{"line":1,"column":324}},{"start":{"line":1,"column":325},"end":{"line":1,"column":345}}]},"4":{"line":1,"type":"binary-expr","locations":[{"start":{"line":1,"column":291},"end":{"line":1,"column":292}},{"start":{"line":1,"column":294},"end":{"line":1,"column":302}}]},"5":{"line":1,"type":"binary-expr","locations":[{"start":{"line":1,"column":325},"end":{"line":1,"column":327}},{"start":{"line":1,"column":329},"end":{"line":1,"column":337}},{"start":{"line":1,"column":340},"end":{"line":1,"column":344}}]},"6":{"line":1,"type":"binary-expr","locations":[{"start":{"line":1,"column":504},"end":{"line":1,"column":523}},{"start":{"line":1,"column":525},"end":{"line":1,"column":540}},{"start":{"line":1,"column":543},"end":{"line":1,"column":593}}]},"7":{"line":1,"type":"binary-expr","locations":[{"start":{"line":1,"column":1670},"end":{"line":1,"column":1679}},{"start":{"line":1,"column":1681},"end":{"line":1,"column":1690}}]},"8":{"line":1,"type":"binary-expr","locations":[{"start":{"line":1,"column":2317},"end":{"line":1,"column":2326}},{"start":{"line":1,"column":2328},"end":{"line":1,"column":2337}}]},"9":{"line":1,"type":"binary-expr","locations":[{"start":{"line":1,"column":2505},"end":{"line":1,"column":2514}},{"start":{"line":1,"column":2516},"end":{"line":1,"column":2523}}]},"10":{"line":1,"type":"if","locations":[{"start":{"line":1,"column":4303},"end":{"line":1,"column":4303}},{"start":{"line":1,"column":4303},"end":{"line":1,"column":4303}}]},"11":{"line":1,"type":"binary-expr","locations":[{"start":{"line":1,"column":4362},"end":{"line":1,"column":4378}},{"start":{"line":1,"column":4381},"end":{"line":1,"column":4409}}]},"12":{"line":1,"type":"if","locations":[{"start":{"line":1,"column":4552},"end":{"line":1,"column":4552}},{"start":{"line":1,"column":4552},"end":{"line":1,"column":4552}}]},"13":{"line":1,"type":"binary-expr","locations":[{"start":{"line":1,"column":4555},"end":{"line":1,"column":4570}},{"start":{"line":1,"column":4572},"end":{"line":1,"column":4590}}]},"14":{"line":1,"type":"binary-expr","locations":[{"start":{"line":1,"column":4843},"end":{"line":1,"column":4859}},{"start":{"line":1,"column":4862},"end":{"line":1,"column":4908}}]},"15":{"line":1,"type":"binary-expr","locations":[{"start":{"line":1,"column":4919},"end":{"line":1,"column":4938}},{"start":{"line":1,"column":4941},"end":{"line":1,"column":4954}}]},"16":{"line":1,"type":"cond-expr","locations":[{"start":{"line":1,"column":5157},"end":{"line":1,"column":5194}},{"start":{"line":1,"column":5195},"end":{"line":1,"column":5247}}]},"17":{"line":1,"type":"binary-expr","locations":[{"start":{"line":1,"column":5121},"end":{"line":1,"column":5136}},{"start":{"line":1,"column":5138},"end":{"line":1,"column":5156}}]},"18":{"line":1,"type":"binary-expr","locations":[{"start":{"line":1,"column":5284},"end":{"line":1,"column":5300}},{"start":{"line":1,"column":5302},"end":{"line":1,"column":5333}}]},"19":{"line":1,"type":"binary-expr","locations":[{"start":{"line":1,"column":5334},"end":{"line":1,"column":5351}},{"start":{"line":1,"column":5353},"end":{"line":1,"column":5361}},{"start":{"line":1,"column":5363},"end":{"line":1,"column":5384}}]},"20":{"line":1,"type":"binary-expr","locations":[{"start":{"line":1,"column":5401},"end":{"line":1,"column":5411}},{"start":{"line":1,"column":5414},"end":{"line":1,"column":5448}}]},"21":{"line":1,"type":"cond-expr","locations":[{"start":{"line":1,"column":5534},"end":{"line":1,"column":5588}},{"start":{"line":1,"column":5589},"end":{"line":1,"column":5686}}]},"22":{"line":1,"type":"binary-expr","locations":[{"start":{"line":1,"column":5494},"end":{"line":1,"column":5511}},{"start":{"line":1,"column":5513},"end":{"line":1,"column":5533}}]},"23":{"line":1,"type":"binary-expr","locations":[{"start":{"line":1,"column":5589},"end":{"line":1,"column":5606}},{"start":{"line":1,"column":5608},"end":{"line":1,"column":5628}},{"start":{"line":1,"column":5631},"end":{"line":1,"column":5685}}]},"24":{"line":1,"type":"cond-expr","locations":[{"start":{"line":1,"column":5765},"end":{"line":1,"column":5802}},{"start":{"line":1,"column":5804},"end":{"line":1,"column":5823}}]},"25":{"line":1,"type":"binary-expr","locations":[{"start":{"line":1,"column":5728},"end":{"line":1,"column":5743}},{"start":{"line":1,"column":5745},"end":{"line":1,"column":5763}}]},"26":{"line":1,"type":"if","locations":[{"start":{"line":1,"column":6114},"end":{"line":1,"column":6114}},{"start":{"line":1,"column":6114},"end":{"line":1,"column":6114}}]},"27":{"line":1,"type":"binary-expr","locations":[{"start":{"line":1,"column":6117},"end":{"line":1,"column":6132}},{"start":{"line":1,"column":6134},"end":{"line":1,"column":6152}}]},"28":{"line":1,"type":"binary-expr","locations":[{"start":{"line":1,"column":6163},"end":{"line":1,"column":6187}},{"start":{"line":1,"column":6190},"end":{"line":1,"column":6203}}]},"29":{"line":1,"type":"cond-expr","locations":[{"start":{"line":1,"column":6522},"end":{"line":1,"column":6621}},{"start":{"line":1,"column":6622},"end":{"line":1,"column":6624}}]},"30":{"line":1,"type":"cond-expr","locations":[{"start":{"line":1,"column":6669},"end":{"line":1,"column":6716}},{"start":{"line":1,"column":6717},"end":{"line":1,"column":6719}}]},"31":{"line":1,"type":"binary-expr","locations":[{"start":{"line":1,"column":6752},"end":{"line":1,"column":6771}},{"start":{"line":1,"column":6773},"end":{"line":1,"column":6792}}]},"32":{"line":1,"type":"cond-expr","locations":[{"start":{"line":1,"column":6842},"end":{"line":1,"column":6852}},{"start":{"line":1,"column":6853},"end":{"line":1,"column":6855}}]},"33":{"line":1,"type":"binary-expr","locations":[{"start":{"line":1,"column":6888},"end":{"line":1,"column":6907}},{"start":{"line":1,"column":6909},"end":{"line":1,"column":6928}}]},"34":{"line":1,"type":"cond-expr","locations":[{"start":{"line":1,"column":6978},"end":{"line":1,"column":6988}},{"start":{"line":1,"column":6989},"end":{"line":1,"column":6991}}]},"35":{"line":1,"type":"binary-expr","locations":[{"start":{"line":1,"column":7029},"end":{"line":1,"column":7048}},{"start":{"line":1,"column":7050},"end":{"line":1,"column":7080}}]},"36":{"line":1,"type":"cond-expr","locations":[{"start":{"line":1,"column":7195},"end":{"line":1,"column":7263}},{"start":{"line":1,"column":7264},"end":{"line":1,"column":7283}}]},"37":{"line":1,"type":"binary-expr","locations":[{"start":{"line":1,"column":7132},"end":{"line":1,"column":7157}},{"start":{"line":1,"column":7159},"end":{"line":1,"column":7177}},{"start":{"line":1,"column":7179},"end":{"line":1,"column":7194}}]},"38":{"line":1,"type":"binary-expr","locations":[{"start":{"line":1,"column":7195},"end":{"line":1,"column":7219}},{"start":{"line":1,"column":7221},"end":{"line":1,"column":7239}},{"start":{"line":1,"column":7242},"end":{"line":1,"column":7262}}]},"39":{"line":1,"type":"binary-expr","locations":[{"start":{"line":1,"column":7330},"end":{"line":1,"column":7349}},{"start":{"line":1,"column":7351},"end":{"line":1,"column":7381}}]},"40":{"line":1,"type":"binary-expr","locations":[{"start":{"line":1,"column":7411},"end":{"line":1,"column":7427}},{"start":{"line":1,"column":7429},"end":{"line":1,"column":7445}}]},"41":{"line":1,"type":"binary-expr","locations":[{"start":{"line":1,"column":7474},"end":{"line":1,"column":7489}},{"start":{"line":1,"column":7491},"end":{"line":1,"column":7506}}]},"42":{"line":1,"type":"cond-expr","locations":[{"start":{"line":1,"column":7585},"end":{"line":1,"column":7675}},{"start":{"line":1,"column":7677},"end":{"line":1,"column":8347}}]},"43":{"line":1,"type":"binary-expr","locations":[{"start":{"line":1,"column":7550},"end":{"line":1,"column":7565}},{"start":{"line":1,"column":7567},"end":{"line":1,"column":7583}}]},"44":{"line":1,"type":"cond-expr","locations":[{"start":{"line":1,"column":7710},"end":{"line":1,"column":7799}},{"start":{"line":1,"column":7801},"end":{"line":1,"column":8347}}]},"45":{"line":1,"type":"binary-expr","locations":[{"start":{"line":1,"column":7677},"end":{"line":1,"column":7691}},{"start":{"line":1,"column":7693},"end":{"line":1,"column":7708}}]},"46":{"line":1,"type":"cond-expr","locations":[{"start":{"line":1,"column":7834},"end":{"line":1,"column":7922}},{"start":{"line":1,"column":7924},"end":{"line":1,"column":8347}}]},"47":{"line":1,"type":"binary-expr","locations":[{"start":{"line":1,"column":7801},"end":{"line":1,"column":7815}},{"start":{"line":1,"column":7817},"end":{"line":1,"column":7832}}]},"48":{"line":1,"type":"cond-expr","locations":[{"start":{"line":1,"column":7977},"end":{"line":1,"column":8119}},{"start":{"line":1,"column":8121},"end":{"line":1,"column":8347}}]},"49":{"line":1,"type":"binary-expr","locations":[{"start":{"line":1,"column":7924},"end":{"line":1,"column":7941}},{"start":{"line":1,"column":7943},"end":{"line":1,"column":7975}}]},"50":{"line":1,"type":"cond-expr","locations":[{"start":{"line":1,"column":8202},"end":{"line":1,"column":8343}},{"start":{"line":1,"column":8345},"end":{"line":1,"column":8347}}]},"51":{"line":1,"type":"binary-expr","locations":[{"start":{"line":1,"column":8122},"end":{"line":1,"column":8140}},{"start":{"line":1,"column":8142},"end":{"line":1,"column":8157}},{"start":{"line":1,"column":8160},"end":{"line":1,"column":8179}},{"start":{"line":1,"column":8181},"end":{"line":1,"column":8200}}]}},"code":["accordions={render:function(e){var t=[],s=\"\";e.bordered&&(s=\"-bordered\"),t.push('<div class=\"usa-accordion'+s+'\">'),t.push('<ul class=\"usa-unstyled-list\">');var a=!1,i=e.accordions;for(var n in i)accordion=i[n],accordion.index=n,expanded=void 0!==accordion.expanded&&accordion.expanded===!0,a&&expanded?accordion.expanded=!1:!a&&expanded&&(a=!0),t.push(this.accordion(accordion));return t.push(\"</ul>\"),t.push(\"</div>\"),t.join(\"\")},accordion:function(e){var t=1*e.index+1,s=e.title,a=e.content,i=\"\",n=\"\";void 0!==e.expanded&&e.expanded===!0&&(i=' aria-expanded=\"true\"',n=' aria-hidden=\"false\"');var o=[];return o.push(\"<li>\"),o.push('<button class=\"usa-button-unstyled\"'+i+' aria-controls=\"accordions-'+t+'\">'),o.push(s),o.push(\"</button>\"),o.push('<div id=\"accordions-'+t+'\"'+n+' class=\"usa-accordion-content\">'),o.push(a),o.push(\"</div>\"),o.push(\"</li>\"),o.join(\"\")}},alert={render:function(e){console.log(\"Alert:\"+e.type);var t={success:'<div class=\"usa-alert usa-alert-success\"><div class=\"usa-alert-body\"><h3 class=\"usa-alert-heading\">'+e.title+'</h3><p class=\"usa-alert-text\">'+e.description+\"</p></div></div>\",warning:'<div class=\"usa-alert usa-alert-warning\"><div class=\"usa-alert-body\"><h3 class=\"usa-alert-heading\">'+e.title+'</h3><p class=\"usa-alert-text\">'+e.description+\"</p></div></div>\",error:'<div class=\"usa-alert usa-alert-error\"><div class=\"usa-alert-body\"><h3 class=\"usa-alert-heading\">'+e.title+'</h3><p class=\"usa-alert-text\">'+e.description+\"</p></div></div>\",info:'<div class=\"usa-alert usa-alert-info\"><div class=\"usa-alert-body\"><h3 class=\"usa-alert-heading\">'+e.title+'</h3><p class=\"usa-alert-text\">'+e.description+\"</p></div></div>\"};return t[e.type]||t.success}},button={render:function(e){console.log(e.type);var t={\"default\":\"<button>\"+e.data+\"</button>\",alt:'<button class=\"usa-button-primary-alt\">'+e.data+\"</button>\",secondary:'<button class=\"usa-button-secondary\">'+e.data+\"</button>\",gray:'<button class=\"usa-button-gray\">'+e.data+\"</button>\",outline:'<button class=\"usa-button-outline type=\"button\">'+e.data+\"</button>\",inverted:'<button class=\"usa-button-outline-inverse\" type=\"button\">'+e.data+\"</button>\",disbled:'<button class=\"usa-button-disabled\" disabled=\"'+e.disabled+'\">'+e.data+\"</button>\",big:'<button class=\"usa-button-big\" type=\"button\">'+e.data+\"</button>\"};return t[e.type]||t.primary}},label={render:function(e){console.log(e.type);var t={small:'<span class=\"usa-label\">'+e.data+\"</span>\",large:'<span class=\"usa-label-big\">'+e.data+\"</span>\"};return t[e.type]||t.small}},footer={render:function(){var e='<section id=\"iae-footer\"><footer><div class=\"usa-grid usa-footer-return-to-top\"><a href=\"#\">Return to top</a></div><div class=\"iae-footer\"><div class=\"iae-footer-body usa-grid\"><div class=\"iae-footer-logo usa-width-one-sixth\"><a class=\"image-wrap\" href=\"http://www.gsa.gov\" target=\"_blank\"><img alt=\"GSA logo\" src=\"assets/img/logo-gsa.png\"></a></div><ul class=\"iae-footer-links usa-unstyled-list usa-width-five-sixths\"><li class=\" usa-width-one-fourth\"><h4 class=\"m_T-0 iae-footer-head\">About</h4><ul class=\"iae-footer-links usa-unstyled-list\"><li class=\"m_B\"><a href=\"/about/\" title=\"What Is This Site?\">What Is This Site?</a></li><li class=\"m_B\"><a href=\"/transition-roadmap/\" title=\"Transition Timeline\">Transition Timeline</a></li><li class=\"m_B\"><a href=\"https://interact.gsa.gov/group/integrated-award-environment-iae-industry-community\" target=\"_blank\" title=\"Join our Interact Community\">Join our Interact Community</a></li><li class=\"m_B\"><a href=\"/for-developers/\" title=\"For Developers\">For Developers</a></li></ul></li></ul></div></div></footer></section>';return e}},header={render:function(){var e='<section id=\"iae-header\"><header><div class=\"iae-header\"><div class=\"usa-grid\"><div class=\"iae-header-menu\"><div class=\"iae-header-nav\"><i class=\"fa fa-bars\"></i><div class=\"m_T-1x\">MENU</div></div><div class=\"iae-header-logo\"><a class=\"image-wrap\" href=\"#\"><img alt=\"Transtion SAM.gov Logo\" src=\"assets/img/transition-sam-logo.png\"></a></div></div><div class=\"iae-sign-in\"><i class=\"fa fa-search\"></i><i class=\"fa fa-bell\"></i><div class=\"pull-right m_L-3x\">Create Account</div><div class=\"pull-right\">|</div><div class=\"pull-right m_R-3x\">Sign in</div></div></div></div></header></section>';return e}},select={render:function(e){if(this.isInvalidConfiguration(e))return\"\";var t=\"\";return this.hasError(e)&&(t=' class=\"usa-input-error\"'),html=\"<div\"+t+\">\",html+=this.getOpening(e),html+=this.getOptions(e),html+=this.getClosing(e),html+=\"</div>\"},getOpening:function(e){var t=[];if(\"radio\"==e.type||\"checkbox\"==e.type)t.push('<fieldset class=\"usa-fieldset-inputs\">'),t.push(this.getLabel(e)),t.push(this.getError(e)),t.push(this.getHint(e)),t.push('<ul class=\"usa-unstyled-list\">');else{t.push(this.getLabel(e)),t.push(this.getError(e)),t.push(this.getHint(e));var s=\"\";this.hasError(e)&&(s=' aria-describedby=\"'+e.name+'-input-error\"');var a=\"\";this.hasDisabled(e)&&(a=\" disabled\"),t.push('<select id=\"'+e.name+'\" name=\"'+e.name+'\"'+s+a+\">\")}return t.join(\"\")},getLabel:function(e){var t=\"\",s=this.getLabelClass(e),a=this.getLabelMark(e);return t=\"radio\"==e.type||\"checkbox\"==e.type?\"<legend\"+s+\">\"+e.label+a+\"</legend>\":'<label for=\"'+e.name+'\"'+s+\">\"+e.label+a+\"</label>\"},getLabelClass:function(e){var t=[];this.hasError(e)&&t.push(\"usa-input-error-label\"),void 0!==e.srOnly&&e.srOnly&&t.push(\"usa-sr-only\");var s=\"\";return t.length>0&&(s=' class=\"',s+=t.join(\" \"),s+='\"'),s},getLabelMark:function(e){var t=\"\";return void 0!==e.markAs&&\"required\"==e.markAs?t=' <span class=\"usa-additional_text\">Required</span>':void 0!==e.markAs&&\"optional\"==e.markAs&&(t=' <span class=\"usa-additional_text\">Optional</span>'),t},getClosing:function(e){var t=[];return\"radio\"==e.type||\"checkbox\"==e.type?(t.push(\"</ul>\"),t.push(\"</fieldset>\")):t.push(\"</select>\"),t.join(\"\")},getOptions:function(e){var t=this.disabled(e),s=this.selected(e),a=[];for(var i in e.options){var n={type:e.type,name:e.name,value:i,title:e.options[i],selected:s,disabled:t},o=this.option(n);a.push(o)}return a.join(\"\")},option:function(e){var t=this.optionSelectedText(e),s=[];if(\"radio\"==e.type||\"checkbox\"==e.type){var a=\"\";this.optionIsDisabled(e)&&(a=\" disabled\"),s.push(\"<li>\"),s.push('<input id=\"'+e.value+'\" type=\"'+e.type+'\" name=\"'+e.name+'\" value=\"'+e.value+'\"'+a+t+\">\"),s.push('<label for=\"'+e.value+'\">'+e.title+\"</label>\"),s.push(\"</li>\")}else s.push('<option value=\"'+e.value+'\"'+t+\">\"+e.title+\"</option>\");return s.join(\"\")},getError:function(e){return this.hasError(e)?'<span id=\"'+e.name+'-input-error\" class=\"usa-input-error-message\" role=\"alert\">'+e.error+\"</span>\":\"\"},getHint:function(e){return this.hasHint(e)?'<span class=\"usa-form-hint\">'+e.hint+\"</span>\":\"\"},hasDisabled:function(e){return void 0!==e.disabled&&e.disabled.length>0},disabled:function(e){return this.hasDisabled(e)?e.disabled:[]},hasSelected:function(e){return void 0!==e.selected&&e.selected.length>0},selected:function(e){return this.hasSelected(e)?e.selected:[]},optionIsSelected:function(e){return this.hasSelected(e)&&e.selected.indexOf(e.value)>-1},optionSelectedText:function(e){return selected=\"\",!this.optionIsSelected(e)||\"checkbox\"!=e.type&&\"radio\"!=e.type?this.optionIsSelected(e)&&\"dropdown\"==e.type&&(selected=\" selected\"):selected=\" checked\",selected},optionIsDisabled:function(e){return this.hasDisabled(e)&&e.disabled.indexOf(e.value)>-1},hasError:function(e){return void 0!==e.error&&e.error.length>0},hasHint:function(e){return void 0!==e.hint&&e.hint.length>0},isInvalidConfiguration:function(e){return void 0==e.label||e.label.length<1?(console.log('Selects: \"label\" is required member. And must have value.'),console.log(e),!0):void 0==e.name||e.name.length<1?(console.log('Selects: \"name\" is required member. And must have value.'),console.log(e),!0):void 0==e.type||e.type.length<1?(console.log('Selects: \"type\" is required member. And must have value'),console.log(e),!0):void 0==e.options||0==Object.keys(e.options).length?(console.log('Selects: \"options\" is required member, and must have at least one.'),console.log(Object.keys(e.options).length),console.log(e),!0):(\"dropdown\"==e.type||\"radio\"==e.type)&&void 0!==e.selected&&e.selected.length>1?(console.log(\"Selects: A select dropdown can only have one pre-selected value.\"),console.log(Object.keys(e.selected).length),console.log(e),!0):!1}};"],"l":{"1":1}},
"/Users/tarandeepdhupar/Documents/github/sam-client/src/app/home/home.component.ts":{"path":"/Users/tarandeepdhupar/Documents/github/sam-client/src/app/home/home.component.ts","s":{"1":1,"2":1,"3":1,"4":1,"5":1,"6":3,"7":3,"8":1,"9":1,"10":1,"11":1,"12":0,"13":1},"b":{"1":[1,1,0],"2":[1,1]},"f":{"1":1,"2":3,"3":1},"fnMap":{"1":{"name":"(anonymous_1)","line":5,"loc":{"start":{"line":5,"column":12},"end":{"line":5,"column":24}}},"2":{"name":"Home","line":7,"loc":{"start":{"line":7,"column":4},"end":{"line":7,"column":25}}},"3":{"name":"(anonymous_3)","line":12,"loc":{"start":{"line":12,"column":30},"end":{"line":12,"column":42}}}},"statementMap":{"1":{"start":{"line":2,"column":0},"end":{"line":2,"column":38}},"2":{"start":{"line":3,"column":0},"end":{"line":3,"column":33}},"3":{"start":{"line":4,"column":0},"end":{"line":4,"column":37}},"4":{"start":{"line":5,"column":0},"end":{"line":42,"column":5}},"5":{"start":{"line":7,"column":4},"end":{"line":11,"column":5}},"6":{"start":{"line":8,"column":8},"end":{"line":8,"column":27}},"7":{"start":{"line":10,"column":8},"end":{"line":10,"column":43}},"8":{"start":{"line":12,"column":4},"end":{"line":15,"column":6}},"9":{"start":{"line":13,"column":8},"end":{"line":13,"column":46}},"10":{"start":{"line":16,"column":4},"end":{"line":39,"column":13}},"11":{"start":{"line":40,"column":4},"end":{"line":40,"column":16}},"12":{"start":{"line":41,"column":4},"end":{"line":41,"column":11}},"13":{"start":{"line":43,"column":0},"end":{"line":43,"column":20}}},"branchMap":{"1":{"line":38,"type":"binary-expr","locations":[{"start":{"line":38,"column":42},"end":{"line":38,"column":124}},{"start":{"line":38,"column":128},"end":{"line":38,"column":130}},{"start":{"line":38,"column":135},"end":{"line":38,"column":141}}]},"2":{"line":38,"type":"binary-expr","locations":[{"start":{"line":38,"column":55},"end":{"line":38,"column":91}},{"start":{"line":38,"column":95},"end":{"line":38,"column":108}}]}},"code":["\"use strict\";","var core_1 = require('@angular/core');","var title_1 = require('./title');","var x_large_1 = require('./x-large');","var Home = (function () {","    // TypeScript public modifiers","    function Home(title) {","        this.title = title;","        // Set our default values","        this.testValue = { value: 'Test' };","    }","    Home.prototype.ngOnInit = function () {","        console.log('hello `Home` component');","        // this.title.getData().subscribe(data => this.data = data);","    };","    Home = __decorate([","        core_1.Component({","            // The selector is what angular internally uses","            // for `document.querySelectorAll(selector)` in our index.html","            // where, in this case, selector is the string 'home'","            selector: 'home',","            // We need to tell Angular's Dependency Injection which providers are in our app.","            providers: [","                title_1.Title","            ],","            // We need to tell Angular's compiler which directives are in our template.","            // Doing so will allow Angular to attach our behavior to an element","            directives: [","                x_large_1.XLarge","            ],","            // We need to tell Angular's compiler which custom pipes are in our template.","            pipes: [],","            // Our list of styles in our component. We may add more to compose many styles together","            styleUrls: ['./home.style.css'],","            // Every Angular template is first compiled by the browser before Angular runs it's compiler","            templateUrl: './home.template.html'","        }), ","        __metadata('design:paramtypes', [(typeof (_a = typeof title_1.Title !== 'undefined' && title_1.Title) === 'function' && _a) || Object])","    ], Home);","    return Home;","    var _a;","}());","exports.Home = Home;",""],"l":{"2":1,"3":1,"4":1,"5":1,"7":1,"8":3,"10":3,"12":1,"13":1,"16":1,"40":1,"41":0,"43":1}},
"/Users/tarandeepdhupar/Documents/github/sam-client/src/app/home/title/index.ts":{"path":"/Users/tarandeepdhupar/Documents/github/sam-client/src/app/home/title/index.ts","s":{"1":1,"2":1,"3":1,"4":1,"5":1},"b":{"1":[1,0]},"f":{"1":1},"fnMap":{"1":{"name":"__export","line":2,"loc":{"start":{"line":2,"column":0},"end":{"line":2,"column":21}}}},"statementMap":{"1":{"start":{"line":2,"column":0},"end":{"line":4,"column":1}},"2":{"start":{"line":3,"column":4},"end":{"line":3,"column":71}},"3":{"start":{"line":3,"column":21},"end":{"line":3,"column":71}},"4":{"start":{"line":3,"column":53},"end":{"line":3,"column":71}},"5":{"start":{"line":5,"column":0},"end":{"line":5,"column":37}}},"branchMap":{"1":{"line":3,"type":"if","locations":[{"start":{"line":3,"column":21},"end":{"line":3,"column":21}},{"start":{"line":3,"column":21},"end":{"line":3,"column":21}}]}},"code":["\"use strict\";","function __export(m) {","    for (var p in m) if (!exports.hasOwnProperty(p)) exports[p] = m[p];","}","__export(require('./title.service'));",""],"l":{"2":1,"3":1,"5":1}},
"/Users/tarandeepdhupar/Documents/github/sam-client/src/app/home/title/title.service.ts":{"path":"/Users/tarandeepdhupar/Documents/github/sam-client/src/app/home/title/title.service.ts","s":{"1":1,"2":1,"3":1,"4":1,"5":5,"6":5,"7":1,"8":2,"9":2,"10":1,"11":1,"12":0,"13":1},"b":{"1":[1,1,0],"2":[1,1]},"f":{"1":1,"2":5,"3":2},"fnMap":{"1":{"name":"(anonymous_1)","line":4,"loc":{"start":{"line":4,"column":13},"end":{"line":4,"column":25}}},"2":{"name":"Title","line":5,"loc":{"start":{"line":5,"column":4},"end":{"line":5,"column":25}}},"3":{"name":"(anonymous_3)","line":9,"loc":{"start":{"line":9,"column":30},"end":{"line":9,"column":42}}}},"statementMap":{"1":{"start":{"line":2,"column":0},"end":{"line":2,"column":38}},"2":{"start":{"line":3,"column":0},"end":{"line":3,"column":38}},"3":{"start":{"line":4,"column":0},"end":{"line":23,"column":5}},"4":{"start":{"line":5,"column":4},"end":{"line":8,"column":5}},"5":{"start":{"line":6,"column":8},"end":{"line":6,"column":25}},"6":{"start":{"line":7,"column":8},"end":{"line":7,"column":33}},"7":{"start":{"line":9,"column":4},"end":{"line":16,"column":6}},"8":{"start":{"line":10,"column":8},"end":{"line":10,"column":49}},"9":{"start":{"line":13,"column":8},"end":{"line":15,"column":10}},"10":{"start":{"line":17,"column":4},"end":{"line":20,"column":14}},"11":{"start":{"line":21,"column":4},"end":{"line":21,"column":17}},"12":{"start":{"line":22,"column":4},"end":{"line":22,"column":11}},"13":{"start":{"line":24,"column":0},"end":{"line":24,"column":22}}},"branchMap":{"1":{"line":19,"type":"binary-expr","locations":[{"start":{"line":19,"column":42},"end":{"line":19,"column":120}},{"start":{"line":19,"column":124},"end":{"line":19,"column":126}},{"start":{"line":19,"column":131},"end":{"line":19,"column":137}}]},"2":{"line":19,"type":"binary-expr","locations":[{"start":{"line":19,"column":55},"end":{"line":19,"column":89}},{"start":{"line":19,"column":93},"end":{"line":19,"column":104}}]}},"code":["\"use strict\";","var core_1 = require('@angular/core');","var http_1 = require('@angular/http');","var Title = (function () {","    function Title(http) {","        this.http = http;","        this.value = 'Angular 2';","    }","    Title.prototype.getData = function () {","        console.log('Title#getData(): Get Data');","        // return this.http.get('/assets/data.json')","        // .map(res => res.json());","        return {","            value: 'AngularClass'","        };","    };","    Title = __decorate([","        core_1.Injectable(), ","        __metadata('design:paramtypes', [(typeof (_a = typeof http_1.Http !== 'undefined' && http_1.Http) === 'function' && _a) || Object])","    ], Title);","    return Title;","    var _a;","}());","exports.Title = Title;",""],"l":{"2":1,"3":1,"4":1,"5":1,"6":5,"7":5,"9":1,"10":2,"13":2,"17":1,"21":1,"22":0,"24":1}},
"/Users/tarandeepdhupar/Documents/github/sam-client/src/app/home/x-large/index.ts":{"path":"/Users/tarandeepdhupar/Documents/github/sam-client/src/app/home/x-large/index.ts","s":{"1":1,"2":1,"3":1,"4":1,"5":1},"b":{"1":[1,0]},"f":{"1":1},"fnMap":{"1":{"name":"__export","line":2,"loc":{"start":{"line":2,"column":0},"end":{"line":2,"column":21}}}},"statementMap":{"1":{"start":{"line":2,"column":0},"end":{"line":4,"column":1}},"2":{"start":{"line":3,"column":4},"end":{"line":3,"column":71}},"3":{"start":{"line":3,"column":21},"end":{"line":3,"column":71}},"4":{"start":{"line":3,"column":53},"end":{"line":3,"column":71}},"5":{"start":{"line":5,"column":0},"end":{"line":5,"column":41}}},"branchMap":{"1":{"line":3,"type":"if","locations":[{"start":{"line":3,"column":21},"end":{"line":3,"column":21}},{"start":{"line":3,"column":21},"end":{"line":3,"column":21}}]}},"code":["\"use strict\";","function __export(m) {","    for (var p in m) if (!exports.hasOwnProperty(p)) exports[p] = m[p];","}","__export(require('./x-large.directive'));",""],"l":{"2":1,"3":1,"5":1}},
"/Users/tarandeepdhupar/Documents/github/sam-client/src/app/home/x-large/x-large.directive.ts":{"path":"/Users/tarandeepdhupar/Documents/github/sam-client/src/app/home/x-large/x-large.directive.ts","s":{"1":1,"2":1,"3":1,"4":1,"5":1,"6":1,"7":0,"8":1},"b":{"1":[1,1,0],"2":[1,1],"3":[1,1,0],"4":[1,1]},"f":{"1":1,"2":1},"fnMap":{"1":{"name":"(anonymous_1)","line":7,"loc":{"start":{"line":7,"column":14},"end":{"line":7,"column":26}}},"2":{"name":"XLarge","line":8,"loc":{"start":{"line":8,"column":4},"end":{"line":8,"column":39}}}},"statementMap":{"1":{"start":{"line":2,"column":0},"end":{"line":2,"column":38}},"2":{"start":{"line":7,"column":0},"end":{"line":23,"column":5}},"3":{"start":{"line":8,"column":4},"end":{"line":14,"column":5}},"4":{"start":{"line":13,"column":8},"end":{"line":13,"column":79}},"5":{"start":{"line":15,"column":4},"end":{"line":20,"column":15}},"6":{"start":{"line":21,"column":4},"end":{"line":21,"column":18}},"7":{"start":{"line":22,"column":4},"end":{"line":22,"column":15}},"8":{"start":{"line":24,"column":0},"end":{"line":24,"column":24}}},"branchMap":{"1":{"line":19,"type":"binary-expr","locations":[{"start":{"line":19,"column":42},"end":{"line":19,"column":132}},{"start":{"line":19,"column":136},"end":{"line":19,"column":138}},{"start":{"line":19,"column":143},"end":{"line":19,"column":149}}]},"2":{"line":19,"type":"binary-expr","locations":[{"start":{"line":19,"column":55},"end":{"line":19,"column":95}},{"start":{"line":19,"column":99},"end":{"line":19,"column":116}}]},"3":{"line":19,"type":"binary-expr","locations":[{"start":{"line":19,"column":152},"end":{"line":19,"column":238}},{"start":{"line":19,"column":242},"end":{"line":19,"column":244}},{"start":{"line":19,"column":249},"end":{"line":19,"column":255}}]},"4":{"line":19,"type":"binary-expr","locations":[{"start":{"line":19,"column":165},"end":{"line":19,"column":203}},{"start":{"line":19,"column":207},"end":{"line":19,"column":222}}]}},"code":["\"use strict\";","var core_1 = require('@angular/core');","/*"," * Directive"," * XLarge is a simple directive to show how one is made"," */","var XLarge = (function () {","    function XLarge(element, renderer) {","        // simple DOM manipulation to set font size to x-large","        // `nativeElement` is the direct reference to the DOM element","        // element.nativeElement.style.fontSize = 'x-large';","        // for server/webworker support use the renderer","        renderer.setElementStyle(element.nativeElement, 'fontSize', 'x-large');","    }","    XLarge = __decorate([","        core_1.Directive({","            selector: '[x-large]' // using [ ] means selecting attributes","        }), ","        __metadata('design:paramtypes', [(typeof (_a = typeof core_1.ElementRef !== 'undefined' && core_1.ElementRef) === 'function' && _a) || Object, (typeof (_b = typeof core_1.Renderer !== 'undefined' && core_1.Renderer) === 'function' && _b) || Object])","    ], XLarge);","    return XLarge;","    var _a, _b;","}());","exports.XLarge = XLarge;",""],"l":{"2":1,"7":1,"8":1,"13":1,"15":1,"21":1,"22":0,"24":1}}}
